2025-11-03 06:01:40,747 INFO o.a.j.u.JMeterUtils: Setting Locale to en_EN
2025-11-03 06:01:40,797 INFO o.a.j.JMeter: Loading user properties from: C:\Users\giuse\Desktop\Impianti\apache-jmeter-5.6.3\bin\user.properties
2025-11-03 06:01:40,799 INFO o.a.j.JMeter: Loading system properties from: C:\Users\giuse\Desktop\Impianti\apache-jmeter-5.6.3\bin\system.properties
2025-11-03 06:01:40,822 INFO o.a.j.JMeter: Copyright (c) 1998-2024 The Apache Software Foundation
2025-11-03 06:01:40,822 INFO o.a.j.JMeter: Version 5.6.3
2025-11-03 06:01:40,823 INFO o.a.j.JMeter: java.version=1.8.0_461
2025-11-03 06:01:40,823 INFO o.a.j.JMeter: java.vm.name=Java HotSpot(TM) 64-Bit Server VM
2025-11-03 06:01:40,823 INFO o.a.j.JMeter: os.name=Windows 10
2025-11-03 06:01:40,823 INFO o.a.j.JMeter: os.arch=amd64
2025-11-03 06:01:40,824 INFO o.a.j.JMeter: os.version=10.0
2025-11-03 06:01:40,824 INFO o.a.j.JMeter: file.encoding=Cp1252
2025-11-03 06:01:40,824 INFO o.a.j.JMeter: java.awt.headless=true
2025-11-03 06:01:40,824 INFO o.a.j.JMeter: Max memory     =1073741824
2025-11-03 06:01:40,825 INFO o.a.j.JMeter: Available Processors =8
2025-11-03 06:01:40,840 INFO o.a.j.JMeter: Default Locale=English (EN)
2025-11-03 06:01:40,841 INFO o.a.j.JMeter: JMeter  Locale=English (EN)
2025-11-03 06:01:40,841 INFO o.a.j.JMeter: JMeterHome=C:\Users\giuse\Desktop\Impianti\apache-jmeter-5.6.3
2025-11-03 06:01:40,842 INFO o.a.j.JMeter: user.dir  =C:\Users\giuse\Desktop\Impianti\Progetto\Impianti-di-Elaborazione\Capacity
2025-11-03 06:01:40,843 INFO o.a.j.JMeter: PWD       =C:\Users\giuse\Desktop\Impianti\Progetto\Impianti-di-Elaborazione\Capacity
2025-11-03 06:01:45,400 INFO o.a.j.JMeter: IP: 192.168.56.1 Name: LAPTOP-ACD2EDOE FullName: LAPTOP-ACD2EDOE
2025-11-03 06:01:45,473 INFO o.a.j.s.FileServer: Default base='C:\Users\giuse\Desktop\Impianti\Progetto\Impianti-di-Elaborazione\Capacity'
2025-11-03 06:01:45,479 INFO o.a.j.s.FileServer: Set new base='C:\Users\giuse\Desktop\Impianti\Progetto\Impianti-di-Elaborazione\Capacity\test_Plan'
2025-11-03 06:01:45,940 INFO o.a.j.s.SaveService: Testplan (JMX) version: 2.2. Testlog (JTL) version: 2.2
2025-11-03 06:01:46,060 INFO o.a.j.s.SaveService: Using SaveService properties file encoding UTF-8
2025-11-03 06:01:46,077 INFO o.a.j.s.SaveService: Using SaveService properties version 5.0
2025-11-03 06:01:46,104 INFO o.a.j.s.SaveService: Loading file: C:\Users\giuse\Desktop\Impianti\Progetto\Impianti-di-Elaborazione\Capacity\test_Plan\Test_Plan_CTT_9000.jmx
2025-11-03 06:01:46,366 INFO o.a.j.p.h.s.HTTPSamplerBase: Parser for text/html is org.apache.jmeter.protocol.http.parser.LagartoBasedHtmlParser
2025-11-03 06:01:46,367 INFO o.a.j.p.h.s.HTTPSamplerBase: Parser for application/xhtml+xml is org.apache.jmeter.protocol.http.parser.LagartoBasedHtmlParser
2025-11-03 06:01:46,367 INFO o.a.j.p.h.s.HTTPSamplerBase: Parser for application/xml is org.apache.jmeter.protocol.http.parser.LagartoBasedHtmlParser
2025-11-03 06:01:46,367 INFO o.a.j.p.h.s.HTTPSamplerBase: Parser for text/xml is org.apache.jmeter.protocol.http.parser.LagartoBasedHtmlParser
2025-11-03 06:01:46,368 INFO o.a.j.p.h.s.HTTPSamplerBase: Parser for text/vnd.wap.wml is org.apache.jmeter.protocol.http.parser.RegexpHTMLParser
2025-11-03 06:01:46,368 INFO o.a.j.p.h.s.HTTPSamplerBase: Parser for text/css is org.apache.jmeter.protocol.http.parser.CssParser
2025-11-03 06:01:47,468 INFO o.a.j.JMeter: Creating summariser <summary>
2025-11-03 06:01:47,517 INFO o.a.j.e.StandardJMeterEngine: Running the test!
2025-11-03 06:01:47,519 INFO o.a.j.s.SampleEvent: List of sample_variables: []
2025-11-03 06:01:47,519 INFO o.a.j.s.SampleEvent: List of sample_variables: []
2025-11-03 06:01:47,541 INFO o.a.j.e.u.CompoundVariable: Note: Function class names must contain the string: '.functions.'
2025-11-03 06:01:47,541 INFO o.a.j.e.u.CompoundVariable: Note: Function class names must not contain the string: '.gui.'
2025-11-03 06:01:48,749 INFO o.a.j.JMeter: Running test (1762146108749)
2025-11-03 06:01:48,903 INFO o.a.j.e.StandardJMeterEngine: Starting ThreadGroup: 1 : Thread Group 1
2025-11-03 06:01:48,904 INFO o.a.j.e.StandardJMeterEngine: Starting 50 threads for group Thread Group 1.
2025-11-03 06:01:48,904 INFO o.a.j.e.StandardJMeterEngine: Test will stop on error
2025-11-03 06:01:48,905 INFO o.a.j.t.ThreadGroup: Starting thread group... number=1 threads=50 ramp-up=30 delayedStart=false
2025-11-03 06:01:48,942 INFO o.a.j.t.JMeterThread: Thread started: Thread Group 1 1-1
2025-11-03 06:01:49,058 INFO o.a.j.t.ThreadGroup: Started thread group number 1
2025-11-03 06:01:49,058 INFO o.a.j.e.StandardJMeterEngine: Waiting for thread group: Thread Group 1 to finish before starting next group
2025-11-03 06:01:49,166 INFO o.a.j.p.h.s.HTTPHCAbstractImpl: Local host = LAPTOP-ACD2EDOE
2025-11-03 06:01:49,193 INFO o.a.j.p.h.s.HTTPHC4Impl: HTTP request retry count = 0
2025-11-03 06:01:49,199 INFO o.a.j.s.SampleResult: Note: Sample TimeStamps are START times
2025-11-03 06:01:49,200 INFO o.a.j.s.SampleResult: sampleresult.default.encoding is set to UTF-8
2025-11-03 06:01:49,200 INFO o.a.j.s.SampleResult: sampleresult.useNanoTime=true
2025-11-03 06:01:49,200 INFO o.a.j.s.SampleResult: sampleresult.nanoThreadSleep=5000
2025-11-03 06:01:49,527 INFO o.a.j.t.JMeterThread: Thread started: Thread Group 1 1-2
2025-11-03 06:01:49,691 INFO o.a.j.u.JsseSSLManager: Using default SSL protocol: TLS
2025-11-03 06:01:49,692 INFO o.a.j.u.JsseSSLManager: SSL session context: per-thread
2025-11-03 06:01:50,122 INFO o.a.j.t.JMeterThread: Thread started: Thread Group 1 1-3
2025-11-03 06:01:50,720 INFO o.a.j.t.JMeterThread: Thread started: Thread Group 1 1-4
2025-11-03 06:01:51,321 INFO o.a.j.t.JMeterThread: Thread started: Thread Group 1 1-5
2025-11-03 06:01:51,911 INFO o.a.j.t.JMeterThread: Thread started: Thread Group 1 1-6
2025-11-03 06:01:52,514 INFO o.a.j.t.JMeterThread: Thread started: Thread Group 1 1-7
2025-11-03 06:01:53,111 INFO o.a.j.t.JMeterThread: Thread started: Thread Group 1 1-8
2025-11-03 06:01:53,714 INFO o.a.j.t.JMeterThread: Thread started: Thread Group 1 1-9
2025-11-03 06:01:54,315 INFO o.a.j.t.JMeterThread: Thread started: Thread Group 1 1-10
2025-11-03 06:01:54,910 INFO o.a.j.t.JMeterThread: Thread started: Thread Group 1 1-11
2025-11-03 06:01:55,512 INFO o.a.j.t.JMeterThread: Thread started: Thread Group 1 1-12
2025-11-03 06:01:56,116 INFO o.a.j.t.JMeterThread: Thread started: Thread Group 1 1-13
2025-11-03 06:01:56,711 INFO o.a.j.t.JMeterThread: Thread started: Thread Group 1 1-14
2025-11-03 06:01:57,310 INFO o.a.j.t.JMeterThread: Thread started: Thread Group 1 1-15
2025-11-03 06:01:57,909 INFO o.a.j.t.JMeterThread: Thread started: Thread Group 1 1-16
2025-11-03 06:01:58,515 INFO o.a.j.t.JMeterThread: Thread started: Thread Group 1 1-17
2025-11-03 06:01:59,110 INFO o.a.j.t.JMeterThread: Thread started: Thread Group 1 1-18
2025-11-03 06:01:59,709 INFO o.a.j.t.JMeterThread: Thread started: Thread Group 1 1-19
2025-11-03 06:02:00,157 INFO o.a.j.r.Summariser: summary +     91 in 00:00:11 =    8.0/s Avg:   918 Min:    70 Max:  3975 Err:     0 (0.00%) Active: 19 Started: 19 Finished: 0
2025-11-03 06:02:00,310 INFO o.a.j.t.JMeterThread: Thread started: Thread Group 1 1-20
2025-11-03 06:02:00,909 INFO o.a.j.t.JMeterThread: Thread started: Thread Group 1 1-21
2025-11-03 06:02:01,512 INFO o.a.j.t.JMeterThread: Thread started: Thread Group 1 1-22
2025-11-03 06:02:02,110 INFO o.a.j.t.JMeterThread: Thread started: Thread Group 1 1-23
2025-11-03 06:02:02,709 INFO o.a.j.t.JMeterThread: Thread started: Thread Group 1 1-24
2025-11-03 06:02:03,310 INFO o.a.j.t.JMeterThread: Thread started: Thread Group 1 1-25
2025-11-03 06:02:03,909 INFO o.a.j.t.JMeterThread: Thread started: Thread Group 1 1-26
2025-11-03 06:02:04,509 INFO o.a.j.t.JMeterThread: Thread started: Thread Group 1 1-27
2025-11-03 06:02:05,110 INFO o.a.j.t.JMeterThread: Thread started: Thread Group 1 1-28
2025-11-03 06:02:05,710 INFO o.a.j.t.JMeterThread: Thread started: Thread Group 1 1-29
2025-11-03 06:02:06,308 INFO o.a.j.t.JMeterThread: Thread started: Thread Group 1 1-30
2025-11-03 06:02:06,909 INFO o.a.j.t.JMeterThread: Thread started: Thread Group 1 1-31
2025-11-03 06:02:07,509 INFO o.a.j.t.JMeterThread: Thread started: Thread Group 1 1-32
2025-11-03 06:02:08,109 INFO o.a.j.t.JMeterThread: Thread started: Thread Group 1 1-33
2025-11-03 06:02:08,709 INFO o.a.j.t.JMeterThread: Thread started: Thread Group 1 1-34
2025-11-03 06:02:09,319 INFO o.a.j.t.JMeterThread: Thread started: Thread Group 1 1-35
2025-11-03 06:02:09,909 INFO o.a.j.t.JMeterThread: Thread started: Thread Group 1 1-36
2025-11-03 06:02:10,510 INFO o.a.j.t.JMeterThread: Thread started: Thread Group 1 1-37
2025-11-03 06:02:11,109 INFO o.a.j.t.JMeterThread: Thread started: Thread Group 1 1-38
2025-11-03 06:02:11,708 INFO o.a.j.t.JMeterThread: Thread started: Thread Group 1 1-39
2025-11-03 06:02:12,309 INFO o.a.j.t.JMeterThread: Thread started: Thread Group 1 1-40
2025-11-03 06:02:12,908 INFO o.a.j.t.JMeterThread: Thread started: Thread Group 1 1-41
2025-11-03 06:02:13,510 INFO o.a.j.t.JMeterThread: Thread started: Thread Group 1 1-42
2025-11-03 06:02:14,109 INFO o.a.j.t.JMeterThread: Thread started: Thread Group 1 1-43
2025-11-03 06:02:14,708 INFO o.a.j.t.JMeterThread: Thread started: Thread Group 1 1-44
2025-11-03 06:02:15,309 INFO o.a.j.t.JMeterThread: Thread started: Thread Group 1 1-45
2025-11-03 06:02:15,908 INFO o.a.j.t.JMeterThread: Thread started: Thread Group 1 1-46
2025-11-03 06:02:16,509 INFO o.a.j.t.JMeterThread: Thread started: Thread Group 1 1-47
2025-11-03 06:02:17,109 INFO o.a.j.t.JMeterThread: Thread started: Thread Group 1 1-48
2025-11-03 06:02:17,716 INFO o.a.j.t.JMeterThread: Thread started: Thread Group 1 1-49
2025-11-03 06:02:18,316 INFO o.a.j.t.JMeterThread: Thread started: Thread Group 1 1-50
2025-11-03 06:02:30,165 INFO o.a.j.r.Summariser: summary +    264 in 00:00:30 =    8.8/s Avg:  3824 Min:   396 Max: 15842 Err:     0 (0.00%) Active: 50 Started: 50 Finished: 0
2025-11-03 06:02:30,168 INFO o.a.j.r.Summariser: summary =    355 in 00:00:41 =    8.6/s Avg:  3079 Min:    70 Max: 15842 Err:     0 (0.00%)
2025-11-03 06:03:00,124 INFO o.a.j.r.Summariser: summary +    284 in 00:00:30 =    9.5/s Avg:  5448 Min:   682 Max: 17449 Err:     0 (0.00%) Active: 50 Started: 50 Finished: 0
2025-11-03 06:03:00,126 INFO o.a.j.r.Summariser: summary =    639 in 00:01:11 =    9.0/s Avg:  4132 Min:    70 Max: 17449 Err:     0 (0.00%)
2025-11-03 06:03:30,171 INFO o.a.j.r.Summariser: summary +    285 in 00:00:30 =    9.5/s Avg:  5282 Min:   587 Max: 23462 Err:     0 (0.00%) Active: 50 Started: 50 Finished: 0
2025-11-03 06:03:30,172 INFO o.a.j.r.Summariser: summary =    924 in 00:01:41 =    9.1/s Avg:  4487 Min:    70 Max: 23462 Err:     0 (0.00%)
2025-11-03 06:04:00,059 INFO o.a.j.r.Summariser: summary +    284 in 00:00:30 =    9.5/s Avg:  5185 Min:   726 Max: 15466 Err:     0 (0.00%) Active: 50 Started: 50 Finished: 0
2025-11-03 06:04:00,061 INFO o.a.j.r.Summariser: summary =   1208 in 00:02:11 =    9.2/s Avg:  4651 Min:    70 Max: 23462 Err:     0 (0.00%)
2025-11-03 06:04:30,193 INFO o.a.j.r.Summariser: summary +    284 in 00:00:30 =    9.4/s Avg:  5312 Min:   694 Max: 28818 Err:     0 (0.00%) Active: 50 Started: 50 Finished: 0
2025-11-03 06:04:30,195 INFO o.a.j.r.Summariser: summary =   1492 in 00:02:41 =    9.2/s Avg:  4777 Min:    70 Max: 28818 Err:     0 (0.00%)
2025-11-03 06:05:00,183 INFO o.a.j.r.Summariser: summary +    290 in 00:00:30 =    9.7/s Avg:  5138 Min:   726 Max: 16520 Err:     0 (0.00%) Active: 50 Started: 50 Finished: 0
2025-11-03 06:05:00,185 INFO o.a.j.r.Summariser: summary =   1782 in 00:03:11 =    9.3/s Avg:  4836 Min:    70 Max: 28818 Err:     0 (0.00%)
2025-11-03 06:05:30,151 INFO o.a.j.r.Summariser: summary +    281 in 00:00:30 =    9.4/s Avg:  5386 Min:   798 Max: 15141 Err:     0 (0.00%) Active: 50 Started: 50 Finished: 0
2025-11-03 06:05:30,153 INFO o.a.j.r.Summariser: summary =   2063 in 00:03:41 =    9.3/s Avg:  4911 Min:    70 Max: 28818 Err:     0 (0.00%)
2025-11-03 06:06:00,093 INFO o.a.j.r.Summariser: summary +    305 in 00:00:30 =   10.2/s Avg:  4882 Min:   672 Max: 15764 Err:     0 (0.00%) Active: 50 Started: 50 Finished: 0
2025-11-03 06:06:00,095 INFO o.a.j.r.Summariser: summary =   2368 in 00:04:11 =    9.4/s Avg:  4907 Min:    70 Max: 28818 Err:     0 (0.00%)
2025-11-03 06:06:30,314 INFO o.a.j.r.Summariser: summary +    254 in 00:00:30 =    8.4/s Avg:  5808 Min:   668 Max: 19109 Err:     0 (0.00%) Active: 50 Started: 50 Finished: 0
2025-11-03 06:06:30,317 INFO o.a.j.r.Summariser: summary =   2622 in 00:04:42 =    9.3/s Avg:  4994 Min:    70 Max: 28818 Err:     0 (0.00%)
2025-11-03 06:06:48,933 INFO o.a.j.t.JMeterThread: Stopping because end time detected by thread: Thread Group 1 1-4
2025-11-03 06:06:48,934 INFO o.a.j.t.JMeterThread: Thread finished: Thread Group 1 1-4
2025-11-03 06:06:49,015 INFO o.a.j.t.JMeterThread: Stopping because end time detected by thread: Thread Group 1 1-23
2025-11-03 06:06:49,015 INFO o.a.j.t.JMeterThread: Thread finished: Thread Group 1 1-23
2025-11-03 06:06:49,376 INFO o.a.j.t.JMeterThread: Stopping because end time detected by thread: Thread Group 1 1-17
2025-11-03 06:06:49,376 INFO o.a.j.t.JMeterThread: Thread finished: Thread Group 1 1-17
2025-11-03 06:06:49,489 INFO o.a.j.t.JMeterThread: Stopping because end time detected by thread: Thread Group 1 1-14
2025-11-03 06:06:49,489 INFO o.a.j.t.JMeterThread: Thread finished: Thread Group 1 1-14
2025-11-03 06:06:49,571 INFO o.a.j.t.JMeterThread: Stopping because end time detected by thread: Thread Group 1 1-41
2025-11-03 06:06:49,571 INFO o.a.j.t.JMeterThread: Thread finished: Thread Group 1 1-41
2025-11-03 06:06:49,857 INFO o.a.j.t.JMeterThread: Stopping because end time detected by thread: Thread Group 1 1-31
2025-11-03 06:06:49,857 INFO o.a.j.t.JMeterThread: Thread finished: Thread Group 1 1-31
2025-11-03 06:06:50,012 INFO o.a.j.t.JMeterThread: Stopping because end time detected by thread: Thread Group 1 1-8
2025-11-03 06:06:50,012 INFO o.a.j.t.JMeterThread: Thread finished: Thread Group 1 1-8
2025-11-03 06:06:50,049 INFO o.a.j.t.JMeterThread: Stopping because end time detected by thread: Thread Group 1 1-7
2025-11-03 06:06:50,049 INFO o.a.j.t.JMeterThread: Thread finished: Thread Group 1 1-7
2025-11-03 06:06:50,101 INFO o.a.j.t.JMeterThread: Stopping because end time detected by thread: Thread Group 1 1-47
2025-11-03 06:06:50,101 INFO o.a.j.t.JMeterThread: Thread finished: Thread Group 1 1-47
2025-11-03 06:06:50,120 INFO o.a.j.t.JMeterThread: Stopping because end time detected by thread: Thread Group 1 1-2
2025-11-03 06:06:50,120 INFO o.a.j.t.JMeterThread: Thread finished: Thread Group 1 1-2
2025-11-03 06:06:50,167 INFO o.a.j.t.JMeterThread: Stopping because end time detected by thread: Thread Group 1 1-38
2025-11-03 06:06:50,167 INFO o.a.j.t.JMeterThread: Thread finished: Thread Group 1 1-38
2025-11-03 06:06:50,184 INFO o.a.j.t.JMeterThread: Stopping because end time detected by thread: Thread Group 1 1-18
2025-11-03 06:06:50,185 INFO o.a.j.t.JMeterThread: Thread finished: Thread Group 1 1-18
2025-11-03 06:06:50,195 INFO o.a.j.t.JMeterThread: Stopping because end time detected by thread: Thread Group 1 1-37
2025-11-03 06:06:50,195 INFO o.a.j.t.JMeterThread: Thread finished: Thread Group 1 1-37
2025-11-03 06:06:50,368 INFO o.a.j.t.JMeterThread: Stopping because end time detected by thread: Thread Group 1 1-1
2025-11-03 06:06:50,368 INFO o.a.j.t.JMeterThread: Thread finished: Thread Group 1 1-1
2025-11-03 06:06:50,540 INFO o.a.j.t.JMeterThread: Stopping because end time detected by thread: Thread Group 1 1-35
2025-11-03 06:06:50,540 INFO o.a.j.t.JMeterThread: Thread finished: Thread Group 1 1-35
2025-11-03 06:06:50,567 INFO o.a.j.t.JMeterThread: Stopping because end time detected by thread: Thread Group 1 1-16
2025-11-03 06:06:50,568 INFO o.a.j.t.JMeterThread: Thread finished: Thread Group 1 1-16
2025-11-03 06:06:51,079 INFO o.a.j.t.JMeterThread: Stopping because end time detected by thread: Thread Group 1 1-27
2025-11-03 06:06:51,079 INFO o.a.j.t.JMeterThread: Thread finished: Thread Group 1 1-27
2025-11-03 06:06:51,119 INFO o.a.j.t.JMeterThread: Stopping because end time detected by thread: Thread Group 1 1-46
2025-11-03 06:06:51,119 INFO o.a.j.t.JMeterThread: Thread finished: Thread Group 1 1-46
2025-11-03 06:06:51,150 INFO o.a.j.t.JMeterThread: Stopping because end time detected by thread: Thread Group 1 1-11
2025-11-03 06:06:51,150 INFO o.a.j.t.JMeterThread: Thread finished: Thread Group 1 1-11
2025-11-03 06:06:51,302 INFO o.a.j.t.JMeterThread: Stopping because end time detected by thread: Thread Group 1 1-26
2025-11-03 06:06:51,302 INFO o.a.j.t.JMeterThread: Thread finished: Thread Group 1 1-26
2025-11-03 06:06:51,332 INFO o.a.j.t.JMeterThread: Stopping because end time detected by thread: Thread Group 1 1-13
2025-11-03 06:06:51,332 INFO o.a.j.t.JMeterThread: Thread finished: Thread Group 1 1-13
2025-11-03 06:06:51,423 INFO o.a.j.t.JMeterThread: Stopping because end time detected by thread: Thread Group 1 1-34
2025-11-03 06:06:51,424 INFO o.a.j.t.JMeterThread: Thread finished: Thread Group 1 1-34
2025-11-03 06:06:51,510 INFO o.a.j.t.JMeterThread: Stopping because end time detected by thread: Thread Group 1 1-21
2025-11-03 06:06:51,510 INFO o.a.j.t.JMeterThread: Thread finished: Thread Group 1 1-21
2025-11-03 06:06:51,618 INFO o.a.j.t.JMeterThread: Stopping because end time detected by thread: Thread Group 1 1-39
2025-11-03 06:06:51,618 INFO o.a.j.t.JMeterThread: Thread finished: Thread Group 1 1-39
2025-11-03 06:06:51,631 INFO o.a.j.t.JMeterThread: Stopping because end time detected by thread: Thread Group 1 1-43
2025-11-03 06:06:51,631 INFO o.a.j.t.JMeterThread: Thread finished: Thread Group 1 1-43
2025-11-03 06:06:51,672 INFO o.a.j.t.JMeterThread: Stopping because end time detected by thread: Thread Group 1 1-12
2025-11-03 06:06:51,672 INFO o.a.j.t.JMeterThread: Thread finished: Thread Group 1 1-12
2025-11-03 06:06:51,731 INFO o.a.j.t.JMeterThread: Stopping because end time detected by thread: Thread Group 1 1-19
2025-11-03 06:06:51,731 INFO o.a.j.t.JMeterThread: Thread finished: Thread Group 1 1-19
2025-11-03 06:06:51,765 INFO o.a.j.t.JMeterThread: Stopping because end time detected by thread: Thread Group 1 1-49
2025-11-03 06:06:51,765 INFO o.a.j.t.JMeterThread: Thread finished: Thread Group 1 1-49
2025-11-03 06:06:51,843 INFO o.a.j.t.JMeterThread: Stopping because end time detected by thread: Thread Group 1 1-33
2025-11-03 06:06:51,843 INFO o.a.j.t.JMeterThread: Thread finished: Thread Group 1 1-33
2025-11-03 06:06:51,897 INFO o.a.j.t.JMeterThread: Stopping because end time detected by thread: Thread Group 1 1-32
2025-11-03 06:06:51,897 INFO o.a.j.t.JMeterThread: Thread finished: Thread Group 1 1-32
2025-11-03 06:06:51,993 INFO o.a.j.t.JMeterThread: Stopping because end time detected by thread: Thread Group 1 1-5
2025-11-03 06:06:51,994 INFO o.a.j.t.JMeterThread: Thread finished: Thread Group 1 1-5
2025-11-03 06:06:52,060 INFO o.a.j.t.JMeterThread: Stopping because end time detected by thread: Thread Group 1 1-15
2025-11-03 06:06:52,060 INFO o.a.j.t.JMeterThread: Thread finished: Thread Group 1 1-15
2025-11-03 06:06:52,197 INFO o.a.j.t.JMeterThread: Stopping because end time detected by thread: Thread Group 1 1-42
2025-11-03 06:06:52,197 INFO o.a.j.t.JMeterThread: Thread finished: Thread Group 1 1-42
2025-11-03 06:06:52,219 INFO o.a.j.t.JMeterThread: Stopping because end time detected by thread: Thread Group 1 1-48
2025-11-03 06:06:52,219 INFO o.a.j.t.JMeterThread: Thread finished: Thread Group 1 1-48
2025-11-03 06:06:52,228 INFO o.a.j.t.JMeterThread: Stopping because end time detected by thread: Thread Group 1 1-44
2025-11-03 06:06:52,228 INFO o.a.j.t.JMeterThread: Thread finished: Thread Group 1 1-44
2025-11-03 06:06:52,829 INFO o.a.j.t.JMeterThread: Stopping because end time detected by thread: Thread Group 1 1-30
2025-11-03 06:06:52,830 INFO o.a.j.t.JMeterThread: Thread finished: Thread Group 1 1-30
2025-11-03 06:06:52,963 INFO o.a.j.t.JMeterThread: Stopping because end time detected by thread: Thread Group 1 1-6
2025-11-03 06:06:52,963 INFO o.a.j.t.JMeterThread: Thread finished: Thread Group 1 1-6
2025-11-03 06:06:53,012 INFO o.a.j.t.JMeterThread: Stopping because end time detected by thread: Thread Group 1 1-40
2025-11-03 06:06:53,012 INFO o.a.j.t.JMeterThread: Thread finished: Thread Group 1 1-40
2025-11-03 06:06:53,033 INFO o.a.j.t.JMeterThread: Stopping because end time detected by thread: Thread Group 1 1-45
2025-11-03 06:06:53,034 INFO o.a.j.t.JMeterThread: Thread finished: Thread Group 1 1-45
2025-11-03 06:06:53,045 INFO o.a.j.t.JMeterThread: Stopping because end time detected by thread: Thread Group 1 1-50
2025-11-03 06:06:53,045 INFO o.a.j.t.JMeterThread: Thread finished: Thread Group 1 1-50
2025-11-03 06:06:53,059 INFO o.a.j.t.JMeterThread: Stopping because end time detected by thread: Thread Group 1 1-24
2025-11-03 06:06:53,060 INFO o.a.j.t.JMeterThread: Thread finished: Thread Group 1 1-24
2025-11-03 06:06:53,092 INFO o.a.j.t.JMeterThread: Stopping because end time detected by thread: Thread Group 1 1-22
2025-11-03 06:06:53,092 INFO o.a.j.t.JMeterThread: Thread finished: Thread Group 1 1-22
2025-11-03 06:06:53,179 INFO o.a.j.t.JMeterThread: Stopping because end time detected by thread: Thread Group 1 1-36
2025-11-03 06:06:53,179 INFO o.a.j.t.JMeterThread: Thread finished: Thread Group 1 1-36
2025-11-03 06:06:53,191 INFO o.a.j.t.JMeterThread: Stopping because end time detected by thread: Thread Group 1 1-29
2025-11-03 06:06:53,191 INFO o.a.j.t.JMeterThread: Thread finished: Thread Group 1 1-29
2025-11-03 06:06:53,239 INFO o.a.j.t.JMeterThread: Stopping because end time detected by thread: Thread Group 1 1-25
2025-11-03 06:06:53,239 INFO o.a.j.t.JMeterThread: Thread finished: Thread Group 1 1-25
2025-11-03 06:06:53,491 INFO o.a.j.t.JMeterThread: Stopping because end time detected by thread: Thread Group 1 1-20
2025-11-03 06:06:53,491 INFO o.a.j.t.JMeterThread: Thread finished: Thread Group 1 1-20
2025-11-03 06:06:53,539 INFO o.a.j.t.JMeterThread: Stopping because end time detected by thread: Thread Group 1 1-3
2025-11-03 06:06:53,539 INFO o.a.j.t.JMeterThread: Thread finished: Thread Group 1 1-3
2025-11-03 06:06:53,624 INFO o.a.j.t.JMeterThread: Stopping because end time detected by thread: Thread Group 1 1-10
2025-11-03 06:06:53,625 INFO o.a.j.t.JMeterThread: Thread finished: Thread Group 1 1-10
2025-11-03 06:06:53,740 INFO o.a.j.t.JMeterThread: Stopping because end time detected by thread: Thread Group 1 1-9
2025-11-03 06:06:53,741 INFO o.a.j.t.JMeterThread: Thread finished: Thread Group 1 1-9
2025-11-03 06:06:53,775 INFO o.a.j.t.JMeterThread: Stopping because end time detected by thread: Thread Group 1 1-28
2025-11-03 06:06:53,775 INFO o.a.j.t.JMeterThread: Thread finished: Thread Group 1 1-28
2025-11-03 06:06:53,776 INFO o.a.j.e.StandardJMeterEngine: Starting ThreadGroup: 2 : Thread Group 2
2025-11-03 06:06:53,776 INFO o.a.j.e.StandardJMeterEngine: Starting 50 threads for group Thread Group 2.
2025-11-03 06:06:53,777 INFO o.a.j.e.StandardJMeterEngine: Test will stop on error
2025-11-03 06:06:53,777 INFO o.a.j.t.ThreadGroup: Starting thread group... number=2 threads=50 ramp-up=30 delayedStart=false
2025-11-03 06:06:53,782 INFO o.a.j.t.JMeterThread: Thread started: Thread Group 2 2-1
2025-11-03 06:06:53,859 INFO o.a.j.t.ThreadGroup: Started thread group number 2
2025-11-03 06:06:53,860 INFO o.a.j.e.StandardJMeterEngine: Waiting for thread group: Thread Group 2 to finish before starting next group
2025-11-03 06:06:54,379 INFO o.a.j.t.JMeterThread: Thread started: Thread Group 2 2-2
2025-11-03 06:06:54,983 INFO o.a.j.t.JMeterThread: Thread started: Thread Group 2 2-3
2025-11-03 06:06:55,580 INFO o.a.j.t.JMeterThread: Thread started: Thread Group 2 2-4
2025-11-03 06:06:56,181 INFO o.a.j.t.JMeterThread: Thread started: Thread Group 2 2-5
2025-11-03 06:06:56,780 INFO o.a.j.t.JMeterThread: Thread started: Thread Group 2 2-6
2025-11-03 06:06:57,380 INFO o.a.j.t.JMeterThread: Thread started: Thread Group 2 2-7
2025-11-03 06:06:57,980 INFO o.a.j.t.JMeterThread: Thread started: Thread Group 2 2-8
2025-11-03 06:06:58,581 INFO o.a.j.t.JMeterThread: Thread started: Thread Group 2 2-9
2025-11-03 06:06:59,181 INFO o.a.j.t.JMeterThread: Thread started: Thread Group 2 2-10
2025-11-03 06:06:59,781 INFO o.a.j.t.JMeterThread: Thread started: Thread Group 2 2-11
2025-11-03 06:07:00,091 INFO o.a.j.r.Summariser: summary +    294 in 00:00:30 =    9.9/s Avg:  4520 Min:    36 Max: 32993 Err:     0 (0.00%) Active: 11 Started: 61 Finished: 50
2025-11-03 06:07:00,093 INFO o.a.j.r.Summariser: summary =   2916 in 00:05:11 =    9.4/s Avg:  4946 Min:    36 Max: 32993 Err:     0 (0.00%)
2025-11-03 06:07:00,382 INFO o.a.j.t.JMeterThread: Thread started: Thread Group 2 2-12
2025-11-03 06:07:00,981 INFO o.a.j.t.JMeterThread: Thread started: Thread Group 2 2-13
2025-11-03 06:07:01,582 INFO o.a.j.t.JMeterThread: Thread started: Thread Group 2 2-14
2025-11-03 06:07:02,182 INFO o.a.j.t.JMeterThread: Thread started: Thread Group 2 2-15
2025-11-03 06:07:02,786 INFO o.a.j.t.JMeterThread: Thread started: Thread Group 2 2-16
2025-11-03 06:07:03,379 INFO o.a.j.t.JMeterThread: Thread started: Thread Group 2 2-17
2025-11-03 06:07:03,981 INFO o.a.j.t.JMeterThread: Thread started: Thread Group 2 2-18
2025-11-03 06:07:04,581 INFO o.a.j.t.JMeterThread: Thread started: Thread Group 2 2-19
2025-11-03 06:07:05,179 INFO o.a.j.t.JMeterThread: Thread started: Thread Group 2 2-20
2025-11-03 06:07:05,780 INFO o.a.j.t.JMeterThread: Thread started: Thread Group 2 2-21
2025-11-03 06:07:06,389 INFO o.a.j.t.JMeterThread: Thread started: Thread Group 2 2-22
2025-11-03 06:07:06,992 INFO o.a.j.t.JMeterThread: Thread started: Thread Group 2 2-23
2025-11-03 06:07:07,592 INFO o.a.j.t.JMeterThread: Thread started: Thread Group 2 2-24
2025-11-03 06:07:08,180 INFO o.a.j.t.JMeterThread: Thread started: Thread Group 2 2-25
2025-11-03 06:07:08,780 INFO o.a.j.t.JMeterThread: Thread started: Thread Group 2 2-26
2025-11-03 06:07:09,379 INFO o.a.j.t.JMeterThread: Thread started: Thread Group 2 2-27
2025-11-03 06:07:09,980 INFO o.a.j.t.JMeterThread: Thread started: Thread Group 2 2-28
2025-11-03 06:07:10,586 INFO o.a.j.t.JMeterThread: Thread started: Thread Group 2 2-29
2025-11-03 06:07:11,186 INFO o.a.j.t.JMeterThread: Thread started: Thread Group 2 2-30
2025-11-03 06:07:11,786 INFO o.a.j.t.JMeterThread: Thread started: Thread Group 2 2-31
2025-11-03 06:07:12,390 INFO o.a.j.t.JMeterThread: Thread started: Thread Group 2 2-32
2025-11-03 06:07:12,995 INFO o.a.j.t.JMeterThread: Thread started: Thread Group 2 2-33
2025-11-03 06:07:13,583 INFO o.a.j.t.JMeterThread: Thread started: Thread Group 2 2-34
2025-11-03 06:07:14,184 INFO o.a.j.t.JMeterThread: Thread started: Thread Group 2 2-35
2025-11-03 06:07:14,783 INFO o.a.j.t.JMeterThread: Thread started: Thread Group 2 2-36
2025-11-03 06:07:15,385 INFO o.a.j.t.JMeterThread: Thread started: Thread Group 2 2-37
2025-11-03 06:07:15,984 INFO o.a.j.t.JMeterThread: Thread started: Thread Group 2 2-38
2025-11-03 06:07:16,581 INFO o.a.j.t.JMeterThread: Thread started: Thread Group 2 2-39
2025-11-03 06:07:17,182 INFO o.a.j.t.JMeterThread: Thread started: Thread Group 2 2-40
2025-11-03 06:07:17,786 INFO o.a.j.t.JMeterThread: Thread started: Thread Group 2 2-41
2025-11-03 06:07:18,382 INFO o.a.j.t.JMeterThread: Thread started: Thread Group 2 2-42
2025-11-03 06:07:18,981 INFO o.a.j.t.JMeterThread: Thread started: Thread Group 2 2-43
2025-11-03 06:07:19,580 INFO o.a.j.t.JMeterThread: Thread started: Thread Group 2 2-44
2025-11-03 06:07:20,181 INFO o.a.j.t.JMeterThread: Thread started: Thread Group 2 2-45
2025-11-03 06:07:20,780 INFO o.a.j.t.JMeterThread: Thread started: Thread Group 2 2-46
2025-11-03 06:07:21,379 INFO o.a.j.t.JMeterThread: Thread started: Thread Group 2 2-47
2025-11-03 06:07:21,980 INFO o.a.j.t.JMeterThread: Thread started: Thread Group 2 2-48
2025-11-03 06:07:22,584 INFO o.a.j.t.JMeterThread: Thread started: Thread Group 2 2-49
2025-11-03 06:07:23,180 INFO o.a.j.t.JMeterThread: Thread started: Thread Group 2 2-50
2025-11-03 06:07:30,291 INFO o.a.j.r.Summariser: summary +    285 in 00:00:30 =    9.4/s Avg:  3056 Min:   237 Max: 12115 Err:     0 (0.00%) Active: 50 Started: 100 Finished: 50
2025-11-03 06:07:30,293 INFO o.a.j.r.Summariser: summary =   3201 in 00:05:42 =    9.4/s Avg:  4778 Min:    36 Max: 32993 Err:     0 (0.00%)
2025-11-03 06:08:00,064 INFO o.a.j.r.Summariser: summary +    294 in 00:00:30 =    9.9/s Avg:  5122 Min:   722 Max: 13963 Err:     0 (0.00%) Active: 50 Started: 100 Finished: 50
2025-11-03 06:08:00,066 INFO o.a.j.r.Summariser: summary =   3495 in 00:06:11 =    9.4/s Avg:  4807 Min:    36 Max: 32993 Err:     0 (0.00%)
2025-11-03 06:08:30,066 INFO o.a.j.r.Summariser: summary +    276 in 00:00:30 =    9.2/s Avg:  5334 Min:   677 Max: 15999 Err:     0 (0.00%) Active: 50 Started: 100 Finished: 50
2025-11-03 06:08:30,068 INFO o.a.j.r.Summariser: summary =   3771 in 00:06:41 =    9.4/s Avg:  4846 Min:    36 Max: 32993 Err:     0 (0.00%)
2025-11-03 06:09:00,082 INFO o.a.j.r.Summariser: summary +    284 in 00:00:30 =    9.5/s Avg:  5398 Min:   686 Max: 13322 Err:     0 (0.00%) Active: 50 Started: 100 Finished: 50
2025-11-03 06:09:00,084 INFO o.a.j.r.Summariser: summary =   4055 in 00:07:11 =    9.4/s Avg:  4884 Min:    36 Max: 32993 Err:     0 (0.00%)
2025-11-03 06:09:30,141 INFO o.a.j.r.Summariser: summary +    312 in 00:00:30 =   10.4/s Avg:  4710 Min:   798 Max: 14327 Err:     0 (0.00%) Active: 50 Started: 100 Finished: 50
2025-11-03 06:09:30,144 INFO o.a.j.r.Summariser: summary =   4367 in 00:07:41 =    9.5/s Avg:  4872 Min:    36 Max: 32993 Err:     0 (0.00%)
2025-11-03 06:10:00,078 INFO o.a.j.r.Summariser: summary +    283 in 00:00:30 =    9.5/s Avg:  5280 Min:   611 Max: 14707 Err:     0 (0.00%) Active: 50 Started: 100 Finished: 50
2025-11-03 06:10:00,080 INFO o.a.j.r.Summariser: summary =   4650 in 00:08:11 =    9.5/s Avg:  4897 Min:    36 Max: 32993 Err:     0 (0.00%)
2025-11-03 06:10:30,311 INFO o.a.j.r.Summariser: summary +    274 in 00:00:30 =    9.1/s Avg:  5504 Min:   671 Max: 13889 Err:     0 (0.00%) Active: 50 Started: 100 Finished: 50
2025-11-03 06:10:30,313 INFO o.a.j.r.Summariser: summary =   4924 in 00:08:42 =    9.4/s Avg:  4930 Min:    36 Max: 32993 Err:     0 (0.00%)
2025-11-03 06:11:00,112 INFO o.a.j.r.Summariser: summary +    271 in 00:00:30 =    9.1/s Avg:  5585 Min:   583 Max: 18085 Err:     0 (0.00%) Active: 50 Started: 100 Finished: 50
2025-11-03 06:11:00,114 INFO o.a.j.r.Summariser: summary =   5195 in 00:09:11 =    9.4/s Avg:  4964 Min:    36 Max: 32993 Err:     0 (0.00%)
2025-11-03 06:11:30,102 INFO o.a.j.r.Summariser: summary +    263 in 00:00:30 =    8.8/s Avg:  5568 Min:   625 Max: 17326 Err:     0 (0.00%) Active: 50 Started: 100 Finished: 50
2025-11-03 06:11:30,104 INFO o.a.j.r.Summariser: summary =   5458 in 00:09:41 =    9.4/s Avg:  4994 Min:    36 Max: 32993 Err:     0 (0.00%)
2025-11-03 06:11:53,878 INFO o.a.j.t.JMeterThread: Stopping because end time detected by thread: Thread Group 2 2-1
2025-11-03 06:11:53,879 INFO o.a.j.t.JMeterThread: Thread finished: Thread Group 2 2-1
2025-11-03 06:11:53,919 INFO o.a.j.t.JMeterThread: Stopping because end time detected by thread: Thread Group 2 2-28
2025-11-03 06:11:53,919 INFO o.a.j.t.JMeterThread: Thread finished: Thread Group 2 2-28
2025-11-03 06:11:53,962 INFO o.a.j.t.JMeterThread: Stopping because end time detected by thread: Thread Group 2 2-18
2025-11-03 06:11:53,962 INFO o.a.j.t.JMeterThread: Thread finished: Thread Group 2 2-18
2025-11-03 06:11:54,052 INFO o.a.j.t.JMeterThread: Stopping because end time detected by thread: Thread Group 2 2-50
2025-11-03 06:11:54,052 INFO o.a.j.t.JMeterThread: Thread finished: Thread Group 2 2-50
2025-11-03 06:11:54,060 INFO o.a.j.t.JMeterThread: Stopping because end time detected by thread: Thread Group 2 2-31
2025-11-03 06:11:54,061 INFO o.a.j.t.JMeterThread: Thread finished: Thread Group 2 2-31
2025-11-03 06:11:54,112 INFO o.a.j.t.JMeterThread: Stopping because end time detected by thread: Thread Group 2 2-8
2025-11-03 06:11:54,112 INFO o.a.j.t.JMeterThread: Thread finished: Thread Group 2 2-8
2025-11-03 06:11:54,206 INFO o.a.j.t.JMeterThread: Stopping because end time detected by thread: Thread Group 2 2-33
2025-11-03 06:11:54,206 INFO o.a.j.t.JMeterThread: Thread finished: Thread Group 2 2-33
2025-11-03 06:11:54,209 INFO o.a.j.t.JMeterThread: Stopping because end time detected by thread: Thread Group 2 2-24
2025-11-03 06:11:54,209 INFO o.a.j.t.JMeterThread: Thread finished: Thread Group 2 2-24
2025-11-03 06:11:54,212 INFO o.a.j.t.JMeterThread: Stopping because end time detected by thread: Thread Group 2 2-7
2025-11-03 06:11:54,213 INFO o.a.j.t.JMeterThread: Thread finished: Thread Group 2 2-7
2025-11-03 06:11:54,392 INFO o.a.j.t.JMeterThread: Stopping because end time detected by thread: Thread Group 2 2-22
2025-11-03 06:11:54,393 INFO o.a.j.t.JMeterThread: Thread finished: Thread Group 2 2-22
2025-11-03 06:11:54,396 INFO o.a.j.t.JMeterThread: Stopping because end time detected by thread: Thread Group 2 2-27
2025-11-03 06:11:54,397 INFO o.a.j.t.JMeterThread: Thread finished: Thread Group 2 2-27
2025-11-03 06:11:54,490 INFO o.a.j.t.JMeterThread: Stopping because end time detected by thread: Thread Group 2 2-39
2025-11-03 06:11:54,490 INFO o.a.j.t.JMeterThread: Thread finished: Thread Group 2 2-39
2025-11-03 06:11:54,527 INFO o.a.j.t.JMeterThread: Stopping because end time detected by thread: Thread Group 2 2-35
2025-11-03 06:11:54,527 INFO o.a.j.t.JMeterThread: Thread finished: Thread Group 2 2-35
2025-11-03 06:11:54,571 INFO o.a.j.t.JMeterThread: Stopping because end time detected by thread: Thread Group 2 2-9
2025-11-03 06:11:54,571 INFO o.a.j.t.JMeterThread: Thread finished: Thread Group 2 2-9
2025-11-03 06:11:54,596 INFO o.a.j.t.JMeterThread: Stopping because end time detected by thread: Thread Group 2 2-49
2025-11-03 06:11:54,596 INFO o.a.j.t.JMeterThread: Thread finished: Thread Group 2 2-49
2025-11-03 06:11:54,676 INFO o.a.j.t.JMeterThread: Stopping because end time detected by thread: Thread Group 2 2-6
2025-11-03 06:11:54,676 INFO o.a.j.t.JMeterThread: Thread finished: Thread Group 2 2-6
2025-11-03 06:11:54,740 INFO o.a.j.t.JMeterThread: Stopping because end time detected by thread: Thread Group 2 2-41
2025-11-03 06:11:54,741 INFO o.a.j.t.JMeterThread: Thread finished: Thread Group 2 2-41
2025-11-03 06:11:54,951 INFO o.a.j.t.JMeterThread: Stopping because end time detected by thread: Thread Group 2 2-20
2025-11-03 06:11:54,952 INFO o.a.j.t.JMeterThread: Thread finished: Thread Group 2 2-20
2025-11-03 06:11:54,986 INFO o.a.j.t.JMeterThread: Stopping because end time detected by thread: Thread Group 2 2-30
2025-11-03 06:11:54,986 INFO o.a.j.t.JMeterThread: Thread finished: Thread Group 2 2-30
2025-11-03 06:11:55,027 INFO o.a.j.t.JMeterThread: Stopping because end time detected by thread: Thread Group 2 2-17
2025-11-03 06:11:55,028 INFO o.a.j.t.JMeterThread: Thread finished: Thread Group 2 2-17
2025-11-03 06:11:55,196 INFO o.a.j.t.JMeterThread: Stopping because end time detected by thread: Thread Group 2 2-38
2025-11-03 06:11:55,196 INFO o.a.j.t.JMeterThread: Thread finished: Thread Group 2 2-38
2025-11-03 06:11:55,254 INFO o.a.j.t.JMeterThread: Stopping because end time detected by thread: Thread Group 2 2-2
2025-11-03 06:11:55,254 INFO o.a.j.t.JMeterThread: Thread finished: Thread Group 2 2-2
2025-11-03 06:11:55,336 INFO o.a.j.t.JMeterThread: Stopping because end time detected by thread: Thread Group 2 2-46
2025-11-03 06:11:55,337 INFO o.a.j.t.JMeterThread: Thread finished: Thread Group 2 2-46
2025-11-03 06:11:55,484 INFO o.a.j.t.JMeterThread: Stopping because end time detected by thread: Thread Group 2 2-36
2025-11-03 06:11:55,484 INFO o.a.j.t.JMeterThread: Thread finished: Thread Group 2 2-36
2025-11-03 06:11:55,543 INFO o.a.j.t.JMeterThread: Stopping because end time detected by thread: Thread Group 2 2-26
2025-11-03 06:11:55,544 INFO o.a.j.t.JMeterThread: Thread finished: Thread Group 2 2-26
2025-11-03 06:11:55,563 INFO o.a.j.t.JMeterThread: Stopping because end time detected by thread: Thread Group 2 2-29
2025-11-03 06:11:55,563 INFO o.a.j.t.JMeterThread: Thread finished: Thread Group 2 2-29
2025-11-03 06:11:55,566 INFO o.a.j.t.JMeterThread: Stopping because end time detected by thread: Thread Group 2 2-47
2025-11-03 06:11:55,566 INFO o.a.j.t.JMeterThread: Thread finished: Thread Group 2 2-47
2025-11-03 06:11:55,581 INFO o.a.j.t.JMeterThread: Stopping because end time detected by thread: Thread Group 2 2-44
2025-11-03 06:11:55,581 INFO o.a.j.t.JMeterThread: Thread finished: Thread Group 2 2-44
2025-11-03 06:11:55,754 INFO o.a.j.t.JMeterThread: Stopping because end time detected by thread: Thread Group 2 2-48
2025-11-03 06:11:55,755 INFO o.a.j.t.JMeterThread: Thread finished: Thread Group 2 2-48
2025-11-03 06:11:55,794 INFO o.a.j.t.JMeterThread: Stopping because end time detected by thread: Thread Group 2 2-37
2025-11-03 06:11:55,794 INFO o.a.j.t.JMeterThread: Thread finished: Thread Group 2 2-37
2025-11-03 06:11:56,036 INFO o.a.j.t.JMeterThread: Stopping because end time detected by thread: Thread Group 2 2-10
2025-11-03 06:11:56,036 INFO o.a.j.t.JMeterThread: Thread finished: Thread Group 2 2-10
2025-11-03 06:11:56,039 INFO o.a.j.t.JMeterThread: Stopping because end time detected by thread: Thread Group 2 2-19
2025-11-03 06:11:56,039 INFO o.a.j.t.JMeterThread: Thread finished: Thread Group 2 2-19
2025-11-03 06:11:56,171 INFO o.a.j.t.JMeterThread: Stopping because end time detected by thread: Thread Group 2 2-40
2025-11-03 06:11:56,171 INFO o.a.j.t.JMeterThread: Thread finished: Thread Group 2 2-40
2025-11-03 06:11:56,182 INFO o.a.j.t.JMeterThread: Stopping because end time detected by thread: Thread Group 2 2-23
2025-11-03 06:11:56,182 INFO o.a.j.t.JMeterThread: Thread finished: Thread Group 2 2-23
2025-11-03 06:11:56,208 INFO o.a.j.t.JMeterThread: Stopping because end time detected by thread: Thread Group 2 2-15
2025-11-03 06:11:56,208 INFO o.a.j.t.JMeterThread: Thread finished: Thread Group 2 2-15
2025-11-03 06:11:56,236 INFO o.a.j.t.JMeterThread: Stopping because end time detected by thread: Thread Group 2 2-32
2025-11-03 06:11:56,236 INFO o.a.j.t.JMeterThread: Thread finished: Thread Group 2 2-32
2025-11-03 06:11:56,248 INFO o.a.j.t.JMeterThread: Stopping because end time detected by thread: Thread Group 2 2-16
2025-11-03 06:11:56,248 INFO o.a.j.t.JMeterThread: Thread finished: Thread Group 2 2-16
2025-11-03 06:11:56,264 INFO o.a.j.t.JMeterThread: Stopping because end time detected by thread: Thread Group 2 2-21
2025-11-03 06:11:56,264 INFO o.a.j.t.JMeterThread: Thread finished: Thread Group 2 2-21
2025-11-03 06:11:56,334 INFO o.a.j.t.JMeterThread: Stopping because end time detected by thread: Thread Group 2 2-3
2025-11-03 06:11:56,335 INFO o.a.j.t.JMeterThread: Thread finished: Thread Group 2 2-3
2025-11-03 06:11:56,351 INFO o.a.j.t.JMeterThread: Stopping because end time detected by thread: Thread Group 2 2-34
2025-11-03 06:11:56,352 INFO o.a.j.t.JMeterThread: Thread finished: Thread Group 2 2-34
2025-11-03 06:11:56,543 INFO o.a.j.t.JMeterThread: Stopping because end time detected by thread: Thread Group 2 2-11
2025-11-03 06:11:56,543 INFO o.a.j.t.JMeterThread: Thread finished: Thread Group 2 2-11
2025-11-03 06:11:56,682 INFO o.a.j.t.JMeterThread: Stopping because end time detected by thread: Thread Group 2 2-45
2025-11-03 06:11:56,683 INFO o.a.j.t.JMeterThread: Thread finished: Thread Group 2 2-45
2025-11-03 06:11:56,821 INFO o.a.j.t.JMeterThread: Stopping because end time detected by thread: Thread Group 2 2-13
2025-11-03 06:11:56,822 INFO o.a.j.t.JMeterThread: Thread finished: Thread Group 2 2-13
2025-11-03 06:11:56,988 INFO o.a.j.t.JMeterThread: Stopping because end time detected by thread: Thread Group 2 2-25
2025-11-03 06:11:56,988 INFO o.a.j.t.JMeterThread: Thread finished: Thread Group 2 2-25
2025-11-03 06:11:56,996 INFO o.a.j.t.JMeterThread: Stopping because end time detected by thread: Thread Group 2 2-43
2025-11-03 06:11:56,996 INFO o.a.j.t.JMeterThread: Thread finished: Thread Group 2 2-43
2025-11-03 06:11:57,032 INFO o.a.j.t.JMeterThread: Stopping because end time detected by thread: Thread Group 2 2-5
2025-11-03 06:11:57,032 INFO o.a.j.t.JMeterThread: Thread finished: Thread Group 2 2-5
2025-11-03 06:11:57,047 INFO o.a.j.t.JMeterThread: Stopping because end time detected by thread: Thread Group 2 2-12
2025-11-03 06:11:57,047 INFO o.a.j.t.JMeterThread: Thread finished: Thread Group 2 2-12
2025-11-03 06:11:57,073 INFO o.a.j.t.JMeterThread: Stopping because end time detected by thread: Thread Group 2 2-4
2025-11-03 06:11:57,074 INFO o.a.j.t.JMeterThread: Thread finished: Thread Group 2 2-4
2025-11-03 06:11:57,097 INFO o.a.j.t.JMeterThread: Stopping because end time detected by thread: Thread Group 2 2-42
2025-11-03 06:11:57,097 INFO o.a.j.t.JMeterThread: Thread finished: Thread Group 2 2-42
2025-11-03 06:11:57,147 INFO o.a.j.t.JMeterThread: Stopping because end time detected by thread: Thread Group 2 2-14
2025-11-03 06:11:57,147 INFO o.a.j.t.JMeterThread: Thread finished: Thread Group 2 2-14
2025-11-03 06:11:57,147 INFO o.a.j.e.StandardJMeterEngine: Starting ThreadGroup: 3 : Thread Group 3
2025-11-03 06:11:57,148 INFO o.a.j.e.StandardJMeterEngine: Starting 50 threads for group Thread Group 3.
2025-11-03 06:11:57,148 INFO o.a.j.e.StandardJMeterEngine: Test will stop on error
2025-11-03 06:11:57,149 INFO o.a.j.t.ThreadGroup: Starting thread group... number=3 threads=50 ramp-up=30 delayedStart=false
2025-11-03 06:11:57,152 INFO o.a.j.t.JMeterThread: Thread started: Thread Group 3 3-1
2025-11-03 06:11:57,205 INFO o.a.j.t.ThreadGroup: Started thread group number 3
2025-11-03 06:11:57,205 INFO o.a.j.e.StandardJMeterEngine: All thread groups have been started
2025-11-03 06:11:57,751 INFO o.a.j.t.JMeterThread: Thread started: Thread Group 3 3-2
2025-11-03 06:11:58,351 INFO o.a.j.t.JMeterThread: Thread started: Thread Group 3 3-3
2025-11-03 06:11:58,951 INFO o.a.j.t.JMeterThread: Thread started: Thread Group 3 3-4
2025-11-03 06:11:59,550 INFO o.a.j.t.JMeterThread: Thread started: Thread Group 3 3-5
2025-11-03 06:12:00,020 INFO o.a.j.r.Summariser: summary +    296 in 00:00:30 =    9.9/s Avg:  5042 Min:    40 Max: 14219 Err:     0 (0.00%) Active: 5 Started: 105 Finished: 100
2025-11-03 06:12:00,022 INFO o.a.j.r.Summariser: summary =   5754 in 00:10:11 =    9.4/s Avg:  4996 Min:    36 Max: 32993 Err:     0 (0.00%)
2025-11-03 06:12:00,150 INFO o.a.j.t.JMeterThread: Thread started: Thread Group 3 3-6
2025-11-03 06:12:00,753 INFO o.a.j.t.JMeterThread: Thread started: Thread Group 3 3-7
2025-11-03 06:12:01,352 INFO o.a.j.t.JMeterThread: Thread started: Thread Group 3 3-8
2025-11-03 06:12:01,954 INFO o.a.j.t.JMeterThread: Thread started: Thread Group 3 3-9
2025-11-03 06:12:02,553 INFO o.a.j.t.JMeterThread: Thread started: Thread Group 3 3-10
2025-11-03 06:12:03,154 INFO o.a.j.t.JMeterThread: Thread started: Thread Group 3 3-11
2025-11-03 06:12:03,755 INFO o.a.j.t.JMeterThread: Thread started: Thread Group 3 3-12
2025-11-03 06:12:04,352 INFO o.a.j.t.JMeterThread: Thread started: Thread Group 3 3-13
2025-11-03 06:12:04,953 INFO o.a.j.t.JMeterThread: Thread started: Thread Group 3 3-14
2025-11-03 06:12:05,554 INFO o.a.j.t.JMeterThread: Thread started: Thread Group 3 3-15
2025-11-03 06:12:06,156 INFO o.a.j.t.JMeterThread: Thread started: Thread Group 3 3-16
2025-11-03 06:12:06,753 INFO o.a.j.t.JMeterThread: Thread started: Thread Group 3 3-17
2025-11-03 06:12:07,352 INFO o.a.j.t.JMeterThread: Thread started: Thread Group 3 3-18
2025-11-03 06:12:07,957 INFO o.a.j.t.JMeterThread: Thread started: Thread Group 3 3-19
2025-11-03 06:12:08,556 INFO o.a.j.t.JMeterThread: Thread started: Thread Group 3 3-20
2025-11-03 06:12:09,154 INFO o.a.j.t.JMeterThread: Thread started: Thread Group 3 3-21
2025-11-03 06:12:09,753 INFO o.a.j.t.JMeterThread: Thread started: Thread Group 3 3-22
2025-11-03 06:12:10,353 INFO o.a.j.t.JMeterThread: Thread started: Thread Group 3 3-23
2025-11-03 06:12:10,960 INFO o.a.j.t.JMeterThread: Thread started: Thread Group 3 3-24
2025-11-03 06:12:11,552 INFO o.a.j.t.JMeterThread: Thread started: Thread Group 3 3-25
2025-11-03 06:12:12,153 INFO o.a.j.t.JMeterThread: Thread started: Thread Group 3 3-26
2025-11-03 06:12:12,756 INFO o.a.j.t.JMeterThread: Thread started: Thread Group 3 3-27
2025-11-03 06:12:13,358 INFO o.a.j.t.JMeterThread: Thread started: Thread Group 3 3-28
2025-11-03 06:12:13,951 INFO o.a.j.t.JMeterThread: Thread started: Thread Group 3 3-29
2025-11-03 06:12:14,553 INFO o.a.j.t.JMeterThread: Thread started: Thread Group 3 3-30
2025-11-03 06:12:15,154 INFO o.a.j.t.JMeterThread: Thread started: Thread Group 3 3-31
2025-11-03 06:12:15,753 INFO o.a.j.t.JMeterThread: Thread started: Thread Group 3 3-32
2025-11-03 06:12:16,354 INFO o.a.j.t.JMeterThread: Thread started: Thread Group 3 3-33
2025-11-03 06:12:16,952 INFO o.a.j.t.JMeterThread: Thread started: Thread Group 3 3-34
2025-11-03 06:12:17,552 INFO o.a.j.t.JMeterThread: Thread started: Thread Group 3 3-35
2025-11-03 06:12:18,153 INFO o.a.j.t.JMeterThread: Thread started: Thread Group 3 3-36
2025-11-03 06:12:18,753 INFO o.a.j.t.JMeterThread: Thread started: Thread Group 3 3-37
2025-11-03 06:12:19,353 INFO o.a.j.t.JMeterThread: Thread started: Thread Group 3 3-38
2025-11-03 06:12:19,955 INFO o.a.j.t.JMeterThread: Thread started: Thread Group 3 3-39
2025-11-03 06:12:20,555 INFO o.a.j.t.JMeterThread: Thread started: Thread Group 3 3-40
2025-11-03 06:12:21,152 INFO o.a.j.t.JMeterThread: Thread started: Thread Group 3 3-41
2025-11-03 06:12:21,753 INFO o.a.j.t.JMeterThread: Thread started: Thread Group 3 3-42
2025-11-03 06:12:22,352 INFO o.a.j.t.JMeterThread: Thread started: Thread Group 3 3-43
2025-11-03 06:12:22,953 INFO o.a.j.t.JMeterThread: Thread started: Thread Group 3 3-44
2025-11-03 06:12:23,551 INFO o.a.j.t.JMeterThread: Thread started: Thread Group 3 3-45
2025-11-03 06:12:24,152 INFO o.a.j.t.JMeterThread: Thread started: Thread Group 3 3-46
2025-11-03 06:12:24,751 INFO o.a.j.t.JMeterThread: Thread started: Thread Group 3 3-47
2025-11-03 06:12:25,353 INFO o.a.j.t.JMeterThread: Thread started: Thread Group 3 3-48
2025-11-03 06:12:25,953 INFO o.a.j.t.JMeterThread: Thread started: Thread Group 3 3-49
2025-11-03 06:12:26,552 INFO o.a.j.t.JMeterThread: Thread started: Thread Group 3 3-50
2025-11-03 06:12:30,015 INFO o.a.j.r.Summariser: summary +    268 in 00:00:30 =    8.9/s Avg:  2744 Min:   107 Max: 10760 Err:     0 (0.00%) Active: 50 Started: 150 Finished: 100
2025-11-03 06:12:30,018 INFO o.a.j.r.Summariser: summary =   6022 in 00:10:41 =    9.4/s Avg:  4896 Min:    36 Max: 32993 Err:     0 (0.00%)
2025-11-03 06:13:00,127 INFO o.a.j.r.Summariser: summary +    298 in 00:00:30 =    9.9/s Avg:  4955 Min:   650 Max: 23118 Err:     0 (0.00%) Active: 50 Started: 150 Finished: 100
2025-11-03 06:13:00,130 INFO o.a.j.r.Summariser: summary =   6320 in 00:11:11 =    9.4/s Avg:  4899 Min:    36 Max: 32993 Err:     0 (0.00%)
2025-11-03 06:13:30,007 INFO o.a.j.r.Summariser: summary +    279 in 00:00:30 =    9.3/s Avg:  5431 Min:   717 Max: 33057 Err:     0 (0.00%) Active: 50 Started: 150 Finished: 100
2025-11-03 06:13:30,010 INFO o.a.j.r.Summariser: summary =   6599 in 00:11:41 =    9.4/s Avg:  4921 Min:    36 Max: 33057 Err:     0 (0.00%)
2025-11-03 06:14:00,033 INFO o.a.j.r.Summariser: summary +    285 in 00:00:30 =    9.5/s Avg:  5082 Min:   712 Max: 16526 Err:     0 (0.00%) Active: 50 Started: 150 Finished: 100
2025-11-03 06:14:00,035 INFO o.a.j.r.Summariser: summary =   6884 in 00:12:11 =    9.4/s Avg:  4928 Min:    36 Max: 33057 Err:     0 (0.00%)
2025-11-03 06:14:30,009 INFO o.a.j.r.Summariser: summary +    292 in 00:00:30 =    9.7/s Avg:  5149 Min:   780 Max: 30300 Err:     0 (0.00%) Active: 50 Started: 150 Finished: 100
2025-11-03 06:14:30,011 INFO o.a.j.r.Summariser: summary =   7176 in 00:12:41 =    9.4/s Avg:  4937 Min:    36 Max: 33057 Err:     0 (0.00%)
2025-11-03 06:15:00,001 INFO o.a.j.r.Summariser: summary +    281 in 00:00:30 =    9.4/s Avg:  5355 Min:   648 Max: 25047 Err:     0 (0.00%) Active: 50 Started: 150 Finished: 100
2025-11-03 06:15:00,004 INFO o.a.j.r.Summariser: summary =   7457 in 00:13:11 =    9.4/s Avg:  4953 Min:    36 Max: 33057 Err:     0 (0.00%)
2025-11-03 06:15:30,126 INFO o.a.j.r.Summariser: summary +    301 in 00:00:30 =   10.0/s Avg:  5004 Min:   595 Max: 30210 Err:     0 (0.00%) Active: 50 Started: 150 Finished: 100
2025-11-03 06:15:30,128 INFO o.a.j.r.Summariser: summary =   7758 in 00:13:41 =    9.4/s Avg:  4955 Min:    36 Max: 33057 Err:     0 (0.00%)
2025-11-03 06:16:00,013 INFO o.a.j.r.Summariser: summary +    283 in 00:00:30 =    9.5/s Avg:  5370 Min:   799 Max: 15488 Err:     0 (0.00%) Active: 50 Started: 150 Finished: 100
2025-11-03 06:16:00,015 INFO o.a.j.r.Summariser: summary =   8041 in 00:14:11 =    9.4/s Avg:  4969 Min:    36 Max: 33057 Err:     0 (0.00%)
2025-11-03 06:16:30,050 INFO o.a.j.r.Summariser: summary +    269 in 00:00:30 =    9.0/s Avg:  5513 Min:   606 Max: 12957 Err:     0 (0.00%) Active: 50 Started: 150 Finished: 100
2025-11-03 06:16:30,052 INFO o.a.j.r.Summariser: summary =   8310 in 00:14:41 =    9.4/s Avg:  4987 Min:    36 Max: 33057 Err:     0 (0.00%)
2025-11-03 06:16:57,330 INFO o.a.j.t.JMeterThread: Stopping because end time detected by thread: Thread Group 3 3-43
2025-11-03 06:16:57,330 INFO o.a.j.t.JMeterThread: Thread finished: Thread Group 3 3-43
2025-11-03 06:16:57,392 INFO o.a.j.t.JMeterThread: Stopping because end time detected by thread: Thread Group 3 3-10
2025-11-03 06:16:57,392 INFO o.a.j.t.JMeterThread: Thread finished: Thread Group 3 3-10
2025-11-03 06:16:57,496 INFO o.a.j.t.JMeterThread: Stopping because end time detected by thread: Thread Group 3 3-9
2025-11-03 06:16:57,496 INFO o.a.j.t.JMeterThread: Thread finished: Thread Group 3 3-9
2025-11-03 06:16:57,602 INFO o.a.j.t.JMeterThread: Stopping because end time detected by thread: Thread Group 3 3-2
2025-11-03 06:16:57,602 INFO o.a.j.t.JMeterThread: Thread finished: Thread Group 3 3-2
2025-11-03 06:16:57,626 INFO o.a.j.t.JMeterThread: Stopping because end time detected by thread: Thread Group 3 3-18
2025-11-03 06:16:57,626 INFO o.a.j.t.JMeterThread: Thread finished: Thread Group 3 3-18
2025-11-03 06:16:57,682 INFO o.a.j.t.JMeterThread: Stopping because end time detected by thread: Thread Group 3 3-16
2025-11-03 06:16:57,683 INFO o.a.j.t.JMeterThread: Thread finished: Thread Group 3 3-16
2025-11-03 06:16:57,690 INFO o.a.j.t.JMeterThread: Stopping because end time detected by thread: Thread Group 3 3-8
2025-11-03 06:16:57,690 INFO o.a.j.t.JMeterThread: Thread finished: Thread Group 3 3-8
2025-11-03 06:16:57,899 INFO o.a.j.t.JMeterThread: Stopping because end time detected by thread: Thread Group 3 3-38
2025-11-03 06:16:57,900 INFO o.a.j.t.JMeterThread: Thread finished: Thread Group 3 3-38
2025-11-03 06:16:57,961 INFO o.a.j.t.JMeterThread: Stopping because end time detected by thread: Thread Group 3 3-19
2025-11-03 06:16:57,961 INFO o.a.j.t.JMeterThread: Thread finished: Thread Group 3 3-19
2025-11-03 06:16:58,008 INFO o.a.j.t.JMeterThread: Stopping because end time detected by thread: Thread Group 3 3-14
2025-11-03 06:16:58,008 INFO o.a.j.t.JMeterThread: Thread finished: Thread Group 3 3-14
2025-11-03 06:16:58,056 INFO o.a.j.t.JMeterThread: Stopping because end time detected by thread: Thread Group 3 3-30
2025-11-03 06:16:58,056 INFO o.a.j.t.JMeterThread: Thread finished: Thread Group 3 3-30
2025-11-03 06:16:58,183 INFO o.a.j.t.JMeterThread: Stopping because end time detected by thread: Thread Group 3 3-11
2025-11-03 06:16:58,183 INFO o.a.j.t.JMeterThread: Thread finished: Thread Group 3 3-11
2025-11-03 06:16:58,192 INFO o.a.j.t.JMeterThread: Stopping because end time detected by thread: Thread Group 3 3-1
2025-11-03 06:16:58,192 INFO o.a.j.t.JMeterThread: Thread finished: Thread Group 3 3-1
2025-11-03 06:16:58,227 INFO o.a.j.t.JMeterThread: Stopping because end time detected by thread: Thread Group 3 3-47
2025-11-03 06:16:58,228 INFO o.a.j.t.JMeterThread: Thread finished: Thread Group 3 3-47
2025-11-03 06:16:58,334 INFO o.a.j.t.JMeterThread: Stopping because end time detected by thread: Thread Group 3 3-22
2025-11-03 06:16:58,334 INFO o.a.j.t.JMeterThread: Thread finished: Thread Group 3 3-22
2025-11-03 06:16:58,396 INFO o.a.j.t.JMeterThread: Stopping because end time detected by thread: Thread Group 3 3-39
2025-11-03 06:16:58,396 INFO o.a.j.t.JMeterThread: Thread finished: Thread Group 3 3-39
2025-11-03 06:16:58,513 INFO o.a.j.t.JMeterThread: Stopping because end time detected by thread: Thread Group 3 3-36
2025-11-03 06:16:58,513 INFO o.a.j.t.JMeterThread: Thread finished: Thread Group 3 3-36
2025-11-03 06:16:58,587 INFO o.a.j.t.JMeterThread: Stopping because end time detected by thread: Thread Group 3 3-26
2025-11-03 06:16:58,588 INFO o.a.j.t.JMeterThread: Thread finished: Thread Group 3 3-26
2025-11-03 06:16:58,648 INFO o.a.j.t.JMeterThread: Stopping because end time detected by thread: Thread Group 3 3-45
2025-11-03 06:16:58,648 INFO o.a.j.t.JMeterThread: Thread finished: Thread Group 3 3-45
2025-11-03 06:16:58,878 INFO o.a.j.t.JMeterThread: Stopping because end time detected by thread: Thread Group 3 3-3
2025-11-03 06:16:58,878 INFO o.a.j.t.JMeterThread: Thread finished: Thread Group 3 3-3
2025-11-03 06:16:59,009 INFO o.a.j.t.JMeterThread: Stopping because end time detected by thread: Thread Group 3 3-41
2025-11-03 06:16:59,010 INFO o.a.j.t.JMeterThread: Thread finished: Thread Group 3 3-41
2025-11-03 06:16:59,266 INFO o.a.j.t.JMeterThread: Stopping because end time detected by thread: Thread Group 3 3-17
2025-11-03 06:16:59,266 INFO o.a.j.t.JMeterThread: Thread finished: Thread Group 3 3-17
2025-11-03 06:16:59,333 INFO o.a.j.t.JMeterThread: Stopping because end time detected by thread: Thread Group 3 3-40
2025-11-03 06:16:59,333 INFO o.a.j.t.JMeterThread: Thread finished: Thread Group 3 3-40
2025-11-03 06:16:59,355 INFO o.a.j.t.JMeterThread: Stopping because end time detected by thread: Thread Group 3 3-7
2025-11-03 06:16:59,356 INFO o.a.j.t.JMeterThread: Thread finished: Thread Group 3 3-7
2025-11-03 06:16:59,448 INFO o.a.j.t.JMeterThread: Stopping because end time detected by thread: Thread Group 3 3-50
2025-11-03 06:16:59,449 INFO o.a.j.t.JMeterThread: Thread finished: Thread Group 3 3-50
2025-11-03 06:16:59,558 INFO o.a.j.t.JMeterThread: Stopping because end time detected by thread: Thread Group 3 3-33
2025-11-03 06:16:59,558 INFO o.a.j.t.JMeterThread: Thread finished: Thread Group 3 3-33
2025-11-03 06:16:59,578 INFO o.a.j.t.JMeterThread: Stopping because end time detected by thread: Thread Group 3 3-21
2025-11-03 06:16:59,578 INFO o.a.j.t.JMeterThread: Thread finished: Thread Group 3 3-21
2025-11-03 06:16:59,631 INFO o.a.j.t.JMeterThread: Stopping because end time detected by thread: Thread Group 3 3-6
2025-11-03 06:16:59,631 INFO o.a.j.t.JMeterThread: Thread finished: Thread Group 3 3-6
2025-11-03 06:16:59,698 INFO o.a.j.t.JMeterThread: Stopping because end time detected by thread: Thread Group 3 3-32
2025-11-03 06:16:59,699 INFO o.a.j.t.JMeterThread: Thread finished: Thread Group 3 3-32
2025-11-03 06:16:59,820 INFO o.a.j.t.JMeterThread: Stopping because end time detected by thread: Thread Group 3 3-25
2025-11-03 06:16:59,820 INFO o.a.j.t.JMeterThread: Thread finished: Thread Group 3 3-25
2025-11-03 06:16:59,907 INFO o.a.j.t.JMeterThread: Stopping because end time detected by thread: Thread Group 3 3-23
2025-11-03 06:16:59,907 INFO o.a.j.t.JMeterThread: Thread finished: Thread Group 3 3-23
2025-11-03 06:17:00,095 INFO o.a.j.r.Summariser: summary +    275 in 00:00:30 =    9.2/s Avg:  5671 Min:   650 Max: 13121 Err:     0 (0.00%) Active: 19 Started: 150 Finished: 131
2025-11-03 06:17:00,097 INFO o.a.j.r.Summariser: summary =   8585 in 00:15:11 =    9.4/s Avg:  5009 Min:    36 Max: 33057 Err:     0 (0.00%)
2025-11-03 06:17:00,097 INFO o.a.j.t.JMeterThread: Stopping because end time detected by thread: Thread Group 3 3-29
2025-11-03 06:17:00,098 INFO o.a.j.t.JMeterThread: Thread finished: Thread Group 3 3-29
2025-11-03 06:17:00,163 INFO o.a.j.t.JMeterThread: Stopping because end time detected by thread: Thread Group 3 3-4
2025-11-03 06:17:00,164 INFO o.a.j.t.JMeterThread: Thread finished: Thread Group 3 3-4
2025-11-03 06:17:00,256 INFO o.a.j.t.JMeterThread: Stopping because end time detected by thread: Thread Group 3 3-31
2025-11-03 06:17:00,256 INFO o.a.j.t.JMeterThread: Thread finished: Thread Group 3 3-31
2025-11-03 06:17:00,361 INFO o.a.j.t.JMeterThread: Stopping because end time detected by thread: Thread Group 3 3-44
2025-11-03 06:17:00,361 INFO o.a.j.t.JMeterThread: Thread finished: Thread Group 3 3-44
2025-11-03 06:17:00,405 INFO o.a.j.t.JMeterThread: Stopping because end time detected by thread: Thread Group 3 3-13
2025-11-03 06:17:00,405 INFO o.a.j.t.JMeterThread: Thread finished: Thread Group 3 3-13
2025-11-03 06:17:00,429 INFO o.a.j.t.JMeterThread: Stopping because end time detected by thread: Thread Group 3 3-15
2025-11-03 06:17:00,429 INFO o.a.j.t.JMeterThread: Thread finished: Thread Group 3 3-15
2025-11-03 06:17:00,453 INFO o.a.j.t.JMeterThread: Stopping because end time detected by thread: Thread Group 3 3-24
2025-11-03 06:17:00,453 INFO o.a.j.t.JMeterThread: Thread finished: Thread Group 3 3-24
2025-11-03 06:17:00,553 INFO o.a.j.t.JMeterThread: Stopping because end time detected by thread: Thread Group 3 3-46
2025-11-03 06:17:00,554 INFO o.a.j.t.JMeterThread: Thread finished: Thread Group 3 3-46
2025-11-03 06:17:00,590 INFO o.a.j.t.JMeterThread: Stopping because end time detected by thread: Thread Group 3 3-34
2025-11-03 06:17:00,590 INFO o.a.j.t.JMeterThread: Thread finished: Thread Group 3 3-34
2025-11-03 06:17:00,619 INFO o.a.j.t.JMeterThread: Stopping because end time detected by thread: Thread Group 3 3-42
2025-11-03 06:17:00,619 INFO o.a.j.t.JMeterThread: Thread finished: Thread Group 3 3-42
2025-11-03 06:17:00,669 INFO o.a.j.t.JMeterThread: Stopping because end time detected by thread: Thread Group 3 3-5
2025-11-03 06:17:00,670 INFO o.a.j.t.JMeterThread: Thread finished: Thread Group 3 3-5
2025-11-03 06:17:00,684 INFO o.a.j.t.JMeterThread: Stopping because end time detected by thread: Thread Group 3 3-49
2025-11-03 06:17:00,684 INFO o.a.j.t.JMeterThread: Thread finished: Thread Group 3 3-49
2025-11-03 06:17:00,738 INFO o.a.j.t.JMeterThread: Stopping because end time detected by thread: Thread Group 3 3-20
2025-11-03 06:17:00,738 INFO o.a.j.t.JMeterThread: Thread finished: Thread Group 3 3-20
2025-11-03 06:17:00,762 INFO o.a.j.t.JMeterThread: Stopping because end time detected by thread: Thread Group 3 3-35
2025-11-03 06:17:00,762 INFO o.a.j.t.JMeterThread: Thread finished: Thread Group 3 3-35
2025-11-03 06:17:00,794 INFO o.a.j.t.JMeterThread: Stopping because end time detected by thread: Thread Group 3 3-12
2025-11-03 06:17:00,794 INFO o.a.j.t.JMeterThread: Thread finished: Thread Group 3 3-12
2025-11-03 06:17:00,813 INFO o.a.j.t.JMeterThread: Stopping because end time detected by thread: Thread Group 3 3-37
2025-11-03 06:17:00,813 INFO o.a.j.t.JMeterThread: Thread finished: Thread Group 3 3-37
2025-11-03 06:17:00,840 INFO o.a.j.t.JMeterThread: Stopping because end time detected by thread: Thread Group 3 3-28
2025-11-03 06:17:00,840 INFO o.a.j.t.JMeterThread: Thread finished: Thread Group 3 3-28
2025-11-03 06:17:00,969 INFO o.a.j.t.JMeterThread: Stopping because end time detected by thread: Thread Group 3 3-27
2025-11-03 06:17:00,969 INFO o.a.j.t.JMeterThread: Thread finished: Thread Group 3 3-27
2025-11-03 06:17:01,022 INFO o.a.j.t.JMeterThread: Stopping because end time detected by thread: Thread Group 3 3-48
2025-11-03 06:17:01,022 INFO o.a.j.t.JMeterThread: Thread finished: Thread Group 3 3-48
2025-11-03 06:17:01,023 INFO o.a.j.e.StandardJMeterEngine: Notifying test listeners of end of test
2025-11-03 06:17:01,026 INFO o.a.j.r.Summariser: summary +     18 in 00:00:01 =   19.3/s Avg:  6213 Min:  3199 Max:  9742 Err:     0 (0.00%) Active: 0 Started: 150 Finished: 150
2025-11-03 06:17:01,028 INFO o.a.j.r.Summariser: summary =   8603 in 00:15:12 =    9.4/s Avg:  5011 Min:    36 Max: 33057 Err:     0 (0.00%)
