2025-11-10 15:20:11,569 INFO o.a.j.u.JMeterUtils: Setting Locale to en_EN
2025-11-10 15:20:11,613 INFO o.a.j.JMeter: Loading user properties from: C:\Users\giuse\Desktop\Impianti\apache-jmeter-5.6.3\bin\user.properties
2025-11-10 15:20:11,616 INFO o.a.j.JMeter: Loading system properties from: C:\Users\giuse\Desktop\Impianti\apache-jmeter-5.6.3\bin\system.properties
2025-11-10 15:20:11,637 INFO o.a.j.JMeter: Copyright (c) 1998-2024 The Apache Software Foundation
2025-11-10 15:20:11,637 INFO o.a.j.JMeter: Version 5.6.3
2025-11-10 15:20:11,638 INFO o.a.j.JMeter: java.version=1.8.0_461
2025-11-10 15:20:11,638 INFO o.a.j.JMeter: java.vm.name=Java HotSpot(TM) 64-Bit Server VM
2025-11-10 15:20:11,638 INFO o.a.j.JMeter: os.name=Windows 10
2025-11-10 15:20:11,646 INFO o.a.j.JMeter: os.arch=amd64
2025-11-10 15:20:11,647 INFO o.a.j.JMeter: os.version=10.0
2025-11-10 15:20:11,647 INFO o.a.j.JMeter: file.encoding=Cp1252
2025-11-10 15:20:11,647 INFO o.a.j.JMeter: java.awt.headless=true
2025-11-10 15:20:11,647 INFO o.a.j.JMeter: Max memory     =1073741824
2025-11-10 15:20:11,648 INFO o.a.j.JMeter: Available Processors =8
2025-11-10 15:20:11,662 INFO o.a.j.JMeter: Default Locale=English (EN)
2025-11-10 15:20:11,663 INFO o.a.j.JMeter: JMeter  Locale=English (EN)
2025-11-10 15:20:11,663 INFO o.a.j.JMeter: JMeterHome=C:\Users\giuse\Desktop\Impianti\apache-jmeter-5.6.3
2025-11-10 15:20:11,663 INFO o.a.j.JMeter: user.dir  =C:\Users\giuse\Desktop\Impianti\Progetto\Impianti-di-Elaborazione\WorkLoad_Characterization
2025-11-10 15:20:11,665 INFO o.a.j.JMeter: PWD       =C:\Users\giuse\Desktop\Impianti\Progetto\Impianti-di-Elaborazione\WorkLoad_Characterization
2025-11-10 15:20:16,209 INFO o.a.j.JMeter: IP: 192.168.56.1 Name: LAPTOP-ACD2EDOE FullName: LAPTOP-ACD2EDOE
2025-11-10 15:20:16,277 INFO o.a.j.s.FileServer: Default base='C:\Users\giuse\Desktop\Impianti\Progetto\Impianti-di-Elaborazione\WorkLoad_Characterization'
2025-11-10 15:20:16,283 INFO o.a.j.s.FileServer: Set new base='C:\Users\giuse\Desktop\Impianti\Progetto\Impianti-di-Elaborazione\WorkLoad_Characterization'
2025-11-10 15:20:16,736 INFO o.a.j.s.SaveService: Testplan (JMX) version: 2.2. Testlog (JTL) version: 2.2
2025-11-10 15:20:16,853 INFO o.a.j.s.SaveService: Using SaveService properties file encoding UTF-8
2025-11-10 15:20:16,868 INFO o.a.j.s.SaveService: Using SaveService properties version 5.0
2025-11-10 15:20:16,891 INFO o.a.j.s.SaveService: Loading file: C:\Users\giuse\Desktop\Impianti\Progetto\Impianti-di-Elaborazione\WorkLoad_Characterization\Test7.jmx
2025-11-10 15:20:17,135 INFO o.a.j.p.h.s.HTTPSamplerBase: Parser for text/html is org.apache.jmeter.protocol.http.parser.LagartoBasedHtmlParser
2025-11-10 15:20:17,136 INFO o.a.j.p.h.s.HTTPSamplerBase: Parser for application/xhtml+xml is org.apache.jmeter.protocol.http.parser.LagartoBasedHtmlParser
2025-11-10 15:20:17,136 INFO o.a.j.p.h.s.HTTPSamplerBase: Parser for application/xml is org.apache.jmeter.protocol.http.parser.LagartoBasedHtmlParser
2025-11-10 15:20:17,136 INFO o.a.j.p.h.s.HTTPSamplerBase: Parser for text/xml is org.apache.jmeter.protocol.http.parser.LagartoBasedHtmlParser
2025-11-10 15:20:17,137 INFO o.a.j.p.h.s.HTTPSamplerBase: Parser for text/vnd.wap.wml is org.apache.jmeter.protocol.http.parser.RegexpHTMLParser
2025-11-10 15:20:17,137 INFO o.a.j.p.h.s.HTTPSamplerBase: Parser for text/css is org.apache.jmeter.protocol.http.parser.CssParser
2025-11-10 15:20:18,206 INFO o.a.j.JMeter: Creating summariser <summary>
2025-11-10 15:20:18,253 INFO o.a.j.e.StandardJMeterEngine: Running the test!
2025-11-10 15:20:18,256 INFO o.a.j.s.SampleEvent: List of sample_variables: []
2025-11-10 15:20:18,256 INFO o.a.j.s.SampleEvent: List of sample_variables: []
2025-11-10 15:20:18,276 INFO o.a.j.e.u.CompoundVariable: Note: Function class names must contain the string: '.functions.'
2025-11-10 15:20:18,276 INFO o.a.j.e.u.CompoundVariable: Note: Function class names must not contain the string: '.gui.'
2025-11-10 15:20:19,380 WARN o.a.j.r.ResultCollector: Error creating directories for C:\Users\ladyc\Desktop
2025-11-10 15:20:19,382 WARN o.a.j.r.ResultCollector: Error creating directories for C:\Users\ladyc\Desktop
2025-11-10 15:20:19,384 WARN o.a.j.r.ResultCollector: Error creating directories for C:\Users\ladyc\Desktop
2025-11-10 15:20:19,386 WARN o.a.j.r.ResultCollector: Error creating directories for C:\Users\ladyc\Desktop
2025-11-10 15:20:19,424 INFO o.a.j.JMeter: Running test (1762784419424)
2025-11-10 15:20:19,574 INFO o.a.j.e.StandardJMeterEngine: Starting ThreadGroup: 1 : Thread Group 1
2025-11-10 15:20:19,575 INFO o.a.j.e.StandardJMeterEngine: Starting 15 threads for group Thread Group 1.
2025-11-10 15:20:19,576 INFO o.a.j.e.StandardJMeterEngine: Thread will continue on error
2025-11-10 15:20:19,576 INFO o.a.j.t.ThreadGroup: Starting thread group... number=1 threads=15 ramp-up=15 delayedStart=false
2025-11-10 15:20:19,633 INFO o.a.j.t.JMeterThread: Thread started: Thread Group 1 1-1
2025-11-10 15:20:19,657 INFO o.a.j.t.ThreadGroup: Started thread group number 1
2025-11-10 15:20:19,657 INFO o.a.j.e.StandardJMeterEngine: Waiting for thread group: Thread Group 1 to finish before starting next group
2025-11-10 15:20:19,801 INFO o.a.j.p.h.s.HTTPHCAbstractImpl: Local host = LAPTOP-ACD2EDOE
2025-11-10 15:20:19,824 INFO o.a.j.p.h.s.HTTPHC4Impl: HTTP request retry count = 0
2025-11-10 15:20:19,830 INFO o.a.j.s.SampleResult: Note: Sample TimeStamps are START times
2025-11-10 15:20:19,830 INFO o.a.j.s.SampleResult: sampleresult.default.encoding is set to UTF-8
2025-11-10 15:20:19,830 INFO o.a.j.s.SampleResult: sampleresult.useNanoTime=true
2025-11-10 15:20:19,831 INFO o.a.j.s.SampleResult: sampleresult.nanoThreadSleep=5000
2025-11-10 15:20:20,614 INFO o.a.j.t.JMeterThread: Thread started: Thread Group 1 1-2
2025-11-10 15:20:21,613 INFO o.a.j.t.JMeterThread: Thread started: Thread Group 1 1-3
2025-11-10 15:20:22,609 INFO o.a.j.t.JMeterThread: Thread started: Thread Group 1 1-4
2025-11-10 15:20:23,608 INFO o.a.j.t.JMeterThread: Thread started: Thread Group 1 1-5
2025-11-10 15:20:24,587 INFO o.a.j.t.JMeterThread: Thread started: Thread Group 1 1-6
2025-11-10 15:20:25,586 INFO o.a.j.t.JMeterThread: Thread started: Thread Group 1 1-7
2025-11-10 15:20:26,581 INFO o.a.j.t.JMeterThread: Thread started: Thread Group 1 1-8
2025-11-10 15:20:27,581 INFO o.a.j.t.JMeterThread: Thread started: Thread Group 1 1-9
2025-11-10 15:20:28,582 INFO o.a.j.t.JMeterThread: Thread started: Thread Group 1 1-10
2025-11-10 15:20:29,581 INFO o.a.j.t.JMeterThread: Thread started: Thread Group 1 1-11
2025-11-10 15:20:30,297 INFO o.a.j.r.Summariser: summary +     70 in 00:00:11 =    6.4/s Avg:   143 Min:     3 Max:   453 Err:     0 (0.00%) Active: 11 Started: 11 Finished: 0
2025-11-10 15:20:30,581 INFO o.a.j.t.JMeterThread: Thread started: Thread Group 1 1-12
2025-11-10 15:20:31,581 INFO o.a.j.t.JMeterThread: Thread started: Thread Group 1 1-13
2025-11-10 15:20:32,581 INFO o.a.j.t.JMeterThread: Thread started: Thread Group 1 1-14
2025-11-10 15:20:33,582 INFO o.a.j.t.JMeterThread: Thread started: Thread Group 1 1-15
2025-11-10 15:21:00,086 INFO o.a.j.r.Summariser: summary +    198 in 00:00:30 =    6.6/s Avg:   131 Min:     2 Max:   639 Err:     0 (0.00%) Active: 15 Started: 15 Finished: 0
2025-11-10 15:21:00,089 INFO o.a.j.r.Summariser: summary =    268 in 00:00:41 =    6.6/s Avg:   134 Min:     2 Max:   639 Err:     0 (0.00%)
2025-11-10 15:21:30,259 INFO o.a.j.r.Summariser: summary +    200 in 00:00:30 =    6.6/s Avg:   165 Min:     2 Max:   828 Err:     0 (0.00%) Active: 15 Started: 15 Finished: 0
2025-11-10 15:21:30,262 INFO o.a.j.r.Summariser: summary =    468 in 00:01:11 =    6.6/s Avg:   147 Min:     2 Max:   828 Err:     0 (0.00%)
2025-11-10 15:22:00,164 INFO o.a.j.r.Summariser: summary +    200 in 00:00:30 =    6.7/s Avg:   121 Min:     2 Max:   423 Err:     0 (0.00%) Active: 15 Started: 15 Finished: 0
2025-11-10 15:22:00,166 INFO o.a.j.r.Summariser: summary =    668 in 00:01:41 =    6.6/s Avg:   140 Min:     2 Max:   828 Err:     0 (0.00%)
2025-11-10 15:22:30,290 INFO o.a.j.r.Summariser: summary +    200 in 00:00:30 =    6.6/s Avg:   138 Min:     2 Max:   694 Err:     0 (0.00%) Active: 15 Started: 15 Finished: 0
2025-11-10 15:22:30,292 INFO o.a.j.r.Summariser: summary =    868 in 00:02:11 =    6.6/s Avg:   139 Min:     2 Max:   828 Err:     0 (0.00%)
2025-11-10 15:23:00,621 INFO o.a.j.r.Summariser: summary +    200 in 00:00:30 =    6.6/s Avg:   143 Min:     2 Max:   776 Err:     0 (0.00%) Active: 15 Started: 15 Finished: 0
2025-11-10 15:23:00,624 INFO o.a.j.r.Summariser: summary =   1068 in 00:02:41 =    6.6/s Avg:   140 Min:     2 Max:   828 Err:     0 (0.00%)
2025-11-10 15:23:30,020 INFO o.a.j.r.Summariser: summary +    199 in 00:00:29 =    6.8/s Avg:   134 Min:     2 Max:   528 Err:     0 (0.00%) Active: 15 Started: 15 Finished: 0
2025-11-10 15:23:30,026 INFO o.a.j.r.Summariser: summary =   1267 in 00:03:11 =    6.6/s Avg:   139 Min:     2 Max:   828 Err:     0 (0.00%)
2025-11-10 15:24:00,062 INFO o.a.j.r.Summariser: summary +    202 in 00:00:30 =    6.7/s Avg:   180 Min:     2 Max:  1390 Err:     0 (0.00%) Active: 15 Started: 15 Finished: 0
2025-11-10 15:24:00,069 INFO o.a.j.r.Summariser: summary =   1469 in 00:03:41 =    6.7/s Avg:   144 Min:     2 Max:  1390 Err:     0 (0.00%)
2025-11-10 15:24:30,139 INFO o.a.j.r.Summariser: summary +    198 in 00:00:30 =    6.6/s Avg:   156 Min:     2 Max:  1047 Err:     0 (0.00%) Active: 15 Started: 15 Finished: 0
2025-11-10 15:24:30,146 INFO o.a.j.r.Summariser: summary =   1667 in 00:04:11 =    6.6/s Avg:   146 Min:     2 Max:  1390 Err:     0 (0.00%)
2025-11-10 15:25:00,059 INFO o.a.j.r.Summariser: summary +    200 in 00:00:30 =    6.7/s Avg:   134 Min:     2 Max:   648 Err:     0 (0.00%) Active: 15 Started: 15 Finished: 0
2025-11-10 15:25:00,066 INFO o.a.j.r.Summariser: summary =   1867 in 00:04:41 =    6.7/s Avg:   145 Min:     2 Max:  1390 Err:     0 (0.00%)
2025-11-10 15:25:17,190 INFO o.a.j.t.JMeterThread: Thread finished: Thread Group 1 1-5
2025-11-10 15:25:17,392 INFO o.a.j.t.JMeterThread: Thread finished: Thread Group 1 1-13
2025-11-10 15:25:17,405 INFO o.a.j.t.JMeterThread: Thread finished: Thread Group 1 1-2
2025-11-10 15:25:18,037 INFO o.a.j.t.JMeterThread: Thread finished: Thread Group 1 1-12
2025-11-10 15:25:18,131 INFO o.a.j.t.JMeterThread: Thread finished: Thread Group 1 1-4
2025-11-10 15:25:18,241 INFO o.a.j.t.JMeterThread: Thread finished: Thread Group 1 1-11
2025-11-10 15:25:18,300 INFO o.a.j.t.JMeterThread: Thread finished: Thread Group 1 1-1
2025-11-10 15:25:18,620 INFO o.a.j.t.JMeterThread: Thread finished: Thread Group 1 1-3
2025-11-10 15:25:18,672 INFO o.a.j.t.JMeterThread: Thread finished: Thread Group 1 1-6
2025-11-10 15:25:18,845 INFO o.a.j.t.JMeterThread: Thread finished: Thread Group 1 1-10
2025-11-10 15:25:19,064 INFO o.a.j.t.JMeterThread: Thread finished: Thread Group 1 1-7
2025-11-10 15:25:19,258 INFO o.a.j.t.JMeterThread: Thread finished: Thread Group 1 1-14
2025-11-10 15:25:19,392 INFO o.a.j.t.JMeterThread: Thread finished: Thread Group 1 1-9
2025-11-10 15:25:19,425 INFO o.a.j.t.JMeterThread: Thread finished: Thread Group 1 1-8
2025-11-10 15:25:19,657 INFO o.a.j.t.JMeterThread: Stopping because end time detected by thread: Thread Group 1 1-15
2025-11-10 15:25:19,657 INFO o.a.j.t.JMeterThread: Thread finished: Thread Group 1 1-15
2025-11-10 15:25:19,658 INFO o.a.j.e.StandardJMeterEngine: Starting ThreadGroup: 2 : Thread Group 2
2025-11-10 15:25:19,659 INFO o.a.j.e.StandardJMeterEngine: Starting 15 threads for group Thread Group 2.
2025-11-10 15:25:19,659 INFO o.a.j.e.StandardJMeterEngine: Thread will continue on error
2025-11-10 15:25:19,660 INFO o.a.j.t.ThreadGroup: Starting thread group... number=2 threads=15 ramp-up=15 delayedStart=false
2025-11-10 15:25:19,664 INFO o.a.j.t.JMeterThread: Thread started: Thread Group 2 2-1
2025-11-10 15:25:19,683 INFO o.a.j.t.ThreadGroup: Started thread group number 2
2025-11-10 15:25:19,683 INFO o.a.j.e.StandardJMeterEngine: Waiting for thread group: Thread Group 2 to finish before starting next group
2025-11-10 15:25:20,662 INFO o.a.j.t.JMeterThread: Thread started: Thread Group 2 2-2
2025-11-10 15:25:21,663 INFO o.a.j.t.JMeterThread: Thread started: Thread Group 2 2-3
2025-11-10 15:25:22,664 INFO o.a.j.t.JMeterThread: Thread started: Thread Group 2 2-4
2025-11-10 15:25:23,663 INFO o.a.j.t.JMeterThread: Thread started: Thread Group 2 2-5
2025-11-10 15:25:24,663 INFO o.a.j.t.JMeterThread: Thread started: Thread Group 2 2-6
2025-11-10 15:25:25,662 INFO o.a.j.t.JMeterThread: Thread started: Thread Group 2 2-7
2025-11-10 15:25:26,663 INFO o.a.j.t.JMeterThread: Thread started: Thread Group 2 2-8
2025-11-10 15:25:27,665 INFO o.a.j.t.JMeterThread: Thread started: Thread Group 2 2-9
2025-11-10 15:25:28,664 INFO o.a.j.t.JMeterThread: Thread started: Thread Group 2 2-10
2025-11-10 15:25:29,663 INFO o.a.j.t.JMeterThread: Thread started: Thread Group 2 2-11
2025-11-10 15:25:30,021 INFO o.a.j.r.Summariser: summary +    202 in 00:00:30 =    6.7/s Avg:   137 Min:     1 Max:   614 Err:     0 (0.00%) Active: 11 Started: 26 Finished: 15
2025-11-10 15:25:30,027 INFO o.a.j.r.Summariser: summary =   2069 in 00:05:11 =    6.7/s Avg:   144 Min:     1 Max:  1390 Err:     0 (0.00%)
2025-11-10 15:25:30,663 INFO o.a.j.t.JMeterThread: Thread started: Thread Group 2 2-12
2025-11-10 15:25:31,664 INFO o.a.j.t.JMeterThread: Thread started: Thread Group 2 2-13
2025-11-10 15:25:32,663 INFO o.a.j.t.JMeterThread: Thread started: Thread Group 2 2-14
2025-11-10 15:25:33,663 INFO o.a.j.t.JMeterThread: Thread started: Thread Group 2 2-15
2025-11-10 15:26:00,017 INFO o.a.j.r.Summariser: summary +    198 in 00:00:30 =    6.6/s Avg:   106 Min:     1 Max:   360 Err:     0 (0.00%) Active: 15 Started: 30 Finished: 15
2025-11-10 15:26:00,025 INFO o.a.j.r.Summariser: summary =   2267 in 00:05:41 =    6.7/s Avg:   141 Min:     1 Max:  1390 Err:     0 (0.00%)
2025-11-10 15:26:30,159 INFO o.a.j.r.Summariser: summary +    201 in 00:00:30 =    6.7/s Avg:   158 Min:     2 Max:   621 Err:     0 (0.00%) Active: 15 Started: 30 Finished: 15
2025-11-10 15:26:30,164 INFO o.a.j.r.Summariser: summary =   2468 in 00:06:11 =    6.7/s Avg:   142 Min:     1 Max:  1390 Err:     0 (0.00%)
2025-11-10 15:27:00,017 INFO o.a.j.r.Summariser: summary +    199 in 00:00:30 =    6.7/s Avg:   120 Min:     1 Max:   497 Err:     0 (0.00%) Active: 15 Started: 30 Finished: 15
2025-11-10 15:27:00,024 INFO o.a.j.r.Summariser: summary =   2667 in 00:06:41 =    6.7/s Avg:   140 Min:     1 Max:  1390 Err:     0 (0.00%)
2025-11-10 15:27:30,015 INFO o.a.j.r.Summariser: summary +    201 in 00:00:30 =    6.7/s Avg:   121 Min:     1 Max:   501 Err:     0 (0.00%) Active: 15 Started: 30 Finished: 15
2025-11-10 15:27:30,021 INFO o.a.j.r.Summariser: summary =   2868 in 00:07:11 =    6.7/s Avg:   139 Min:     1 Max:  1390 Err:     0 (0.00%)
2025-11-10 15:28:00,123 INFO o.a.j.r.Summariser: summary +    199 in 00:00:30 =    6.6/s Avg:   117 Min:     1 Max:   428 Err:     0 (0.00%) Active: 15 Started: 30 Finished: 15
2025-11-10 15:28:00,130 INFO o.a.j.r.Summariser: summary =   3067 in 00:07:41 =    6.7/s Avg:   137 Min:     1 Max:  1390 Err:     0 (0.00%)
2025-11-10 15:28:30,213 INFO o.a.j.r.Summariser: summary +    200 in 00:00:30 =    6.6/s Avg:   124 Min:     1 Max:   629 Err:     0 (0.00%) Active: 15 Started: 30 Finished: 15
2025-11-10 15:28:30,219 INFO o.a.j.r.Summariser: summary =   3267 in 00:08:11 =    6.7/s Avg:   137 Min:     1 Max:  1390 Err:     0 (0.00%)
2025-11-10 15:29:00,190 INFO o.a.j.r.Summariser: summary +    201 in 00:00:30 =    6.7/s Avg:   100 Min:     1 Max:   414 Err:     0 (0.00%) Active: 15 Started: 30 Finished: 15
2025-11-10 15:29:00,196 INFO o.a.j.r.Summariser: summary =   3468 in 00:08:41 =    6.7/s Avg:   134 Min:     1 Max:  1390 Err:     0 (0.00%)
2025-11-10 15:29:30,039 INFO o.a.j.r.Summariser: summary +    199 in 00:00:30 =    6.7/s Avg:   110 Min:     1 Max:   544 Err:     0 (0.00%) Active: 15 Started: 30 Finished: 15
2025-11-10 15:29:30,045 INFO o.a.j.r.Summariser: summary =   3667 in 00:09:11 =    6.7/s Avg:   133 Min:     1 Max:  1390 Err:     0 (0.00%)
2025-11-10 15:30:00,063 INFO o.a.j.r.Summariser: summary +    199 in 00:00:30 =    6.6/s Avg:   128 Min:     1 Max:   445 Err:     0 (0.00%) Active: 15 Started: 30 Finished: 15
2025-11-10 15:30:00,066 INFO o.a.j.r.Summariser: summary =   3866 in 00:09:41 =    6.7/s Avg:   133 Min:     1 Max:  1390 Err:     0 (0.00%)
2025-11-10 15:30:17,535 INFO o.a.j.t.JMeterThread: Thread finished: Thread Group 2 2-12
2025-11-10 15:30:17,830 INFO o.a.j.t.JMeterThread: Thread finished: Thread Group 2 2-8
2025-11-10 15:30:17,866 INFO o.a.j.t.JMeterThread: Thread finished: Thread Group 2 2-4
2025-11-10 15:30:18,285 INFO o.a.j.t.JMeterThread: Thread finished: Thread Group 2 2-2
2025-11-10 15:30:18,349 INFO o.a.j.t.JMeterThread: Thread finished: Thread Group 2 2-1
2025-11-10 15:30:18,597 INFO o.a.j.t.JMeterThread: Thread finished: Thread Group 2 2-6
2025-11-10 15:30:18,688 INFO o.a.j.t.JMeterThread: Thread finished: Thread Group 2 2-15
2025-11-10 15:30:18,706 INFO o.a.j.t.JMeterThread: Thread finished: Thread Group 2 2-9
2025-11-10 15:30:18,719 INFO o.a.j.t.JMeterThread: Thread finished: Thread Group 2 2-13
2025-11-10 15:30:18,916 INFO o.a.j.t.JMeterThread: Thread finished: Thread Group 2 2-14
2025-11-10 15:30:19,125 INFO o.a.j.t.JMeterThread: Thread finished: Thread Group 2 2-7
2025-11-10 15:30:19,388 INFO o.a.j.t.JMeterThread: Thread finished: Thread Group 2 2-10
2025-11-10 15:30:19,449 INFO o.a.j.t.JMeterThread: Thread finished: Thread Group 2 2-11
2025-11-10 15:30:19,570 INFO o.a.j.t.JMeterThread: Thread finished: Thread Group 2 2-3
2025-11-10 15:30:19,630 INFO o.a.j.t.JMeterThread: Thread finished: Thread Group 2 2-5
2025-11-10 15:30:19,630 INFO o.a.j.e.StandardJMeterEngine: Starting ThreadGroup: 3 : Thread Group 3
2025-11-10 15:30:19,631 INFO o.a.j.e.StandardJMeterEngine: Starting 15 threads for group Thread Group 3.
2025-11-10 15:30:19,631 INFO o.a.j.e.StandardJMeterEngine: Thread will continue on error
2025-11-10 15:30:19,631 INFO o.a.j.t.ThreadGroup: Starting thread group... number=3 threads=15 ramp-up=15 delayedStart=false
2025-11-10 15:30:19,634 INFO o.a.j.t.JMeterThread: Thread started: Thread Group 3 3-1
2025-11-10 15:30:19,654 INFO o.a.j.t.ThreadGroup: Started thread group number 3
2025-11-10 15:30:19,654 INFO o.a.j.e.StandardJMeterEngine: Waiting for thread group: Thread Group 3 to finish before starting next group
2025-11-10 15:30:20,634 INFO o.a.j.t.JMeterThread: Thread started: Thread Group 3 3-2
2025-11-10 15:30:21,635 INFO o.a.j.t.JMeterThread: Thread started: Thread Group 3 3-3
2025-11-10 15:30:22,634 INFO o.a.j.t.JMeterThread: Thread started: Thread Group 3 3-4
2025-11-10 15:30:23,634 INFO o.a.j.t.JMeterThread: Thread started: Thread Group 3 3-5
2025-11-10 15:30:24,635 INFO o.a.j.t.JMeterThread: Thread started: Thread Group 3 3-6
2025-11-10 15:30:25,638 INFO o.a.j.t.JMeterThread: Thread started: Thread Group 3 3-7
2025-11-10 15:30:26,635 INFO o.a.j.t.JMeterThread: Thread started: Thread Group 3 3-8
2025-11-10 15:30:27,636 INFO o.a.j.t.JMeterThread: Thread started: Thread Group 3 3-9
2025-11-10 15:30:28,635 INFO o.a.j.t.JMeterThread: Thread started: Thread Group 3 3-10
2025-11-10 15:30:29,635 INFO o.a.j.t.JMeterThread: Thread started: Thread Group 3 3-11
2025-11-10 15:30:30,090 INFO o.a.j.r.Summariser: summary +    203 in 00:00:30 =    6.8/s Avg:   121 Min:     1 Max:   452 Err:     0 (0.00%) Active: 11 Started: 41 Finished: 30
2025-11-10 15:30:30,098 INFO o.a.j.r.Summariser: summary =   4069 in 00:10:11 =    6.7/s Avg:   132 Min:     1 Max:  1390 Err:     0 (0.00%)
2025-11-10 15:30:30,634 INFO o.a.j.t.JMeterThread: Thread started: Thread Group 3 3-12
2025-11-10 15:30:31,635 INFO o.a.j.t.JMeterThread: Thread started: Thread Group 3 3-13
2025-11-10 15:30:32,635 INFO o.a.j.t.JMeterThread: Thread started: Thread Group 3 3-14
2025-11-10 15:30:33,636 INFO o.a.j.t.JMeterThread: Thread started: Thread Group 3 3-15
2025-11-10 15:31:00,025 INFO o.a.j.r.Summariser: summary +    199 in 00:00:30 =    6.6/s Avg:   109 Min:     2 Max:   516 Err:     0 (0.00%) Active: 15 Started: 45 Finished: 30
2025-11-10 15:31:00,035 INFO o.a.j.r.Summariser: summary =   4268 in 00:10:41 =    6.7/s Avg:   131 Min:     1 Max:  1390 Err:     0 (0.00%)
2025-11-10 15:31:30,108 INFO o.a.j.r.Summariser: summary +    200 in 00:00:30 =    6.6/s Avg:   119 Min:     2 Max:   559 Err:     0 (0.00%) Active: 15 Started: 45 Finished: 30
2025-11-10 15:31:30,114 INFO o.a.j.r.Summariser: summary =   4468 in 00:11:11 =    6.7/s Avg:   131 Min:     1 Max:  1390 Err:     0 (0.00%)
2025-11-10 15:32:00,261 INFO o.a.j.r.Summariser: summary +    201 in 00:00:30 =    6.7/s Avg:   145 Min:     2 Max:   682 Err:     0 (0.00%) Active: 15 Started: 45 Finished: 30
2025-11-10 15:32:00,274 INFO o.a.j.r.Summariser: summary =   4669 in 00:11:41 =    6.7/s Avg:   131 Min:     1 Max:  1390 Err:     0 (0.00%)
2025-11-10 15:32:30,062 INFO o.a.j.r.Summariser: summary +    198 in 00:00:30 =    6.6/s Avg:   115 Min:     2 Max:   410 Err:     0 (0.00%) Active: 15 Started: 45 Finished: 30
2025-11-10 15:32:30,068 INFO o.a.j.r.Summariser: summary =   4867 in 00:12:11 =    6.7/s Avg:   131 Min:     1 Max:  1390 Err:     0 (0.00%)
2025-11-10 15:33:00,012 INFO o.a.j.r.Summariser: summary +    201 in 00:00:30 =    6.7/s Avg:   147 Min:     2 Max:   758 Err:     0 (0.00%) Active: 15 Started: 45 Finished: 30
2025-11-10 15:33:00,020 INFO o.a.j.r.Summariser: summary =   5068 in 00:12:41 =    6.7/s Avg:   131 Min:     1 Max:  1390 Err:     0 (0.00%)
2025-11-10 15:33:30,662 INFO o.a.j.r.Summariser: summary +    203 in 00:00:31 =    6.6/s Avg:   131 Min:     3 Max:   500 Err:     0 (0.00%) Active: 15 Started: 45 Finished: 30
2025-11-10 15:33:30,670 INFO o.a.j.r.Summariser: summary =   5271 in 00:13:11 =    6.7/s Avg:   131 Min:     1 Max:  1390 Err:     0 (0.00%)
2025-11-10 15:34:00,173 INFO o.a.j.r.Summariser: summary +    197 in 00:00:30 =    6.7/s Avg:   134 Min:     3 Max:   646 Err:     0 (0.00%) Active: 15 Started: 45 Finished: 30
2025-11-10 15:34:00,186 INFO o.a.j.r.Summariser: summary =   5468 in 00:13:41 =    6.7/s Avg:   131 Min:     1 Max:  1390 Err:     0 (0.00%)
2025-11-10 15:34:30,115 INFO o.a.j.r.Summariser: summary +    200 in 00:00:30 =    6.7/s Avg:   122 Min:     2 Max:   702 Err:     0 (0.00%) Active: 15 Started: 45 Finished: 30
2025-11-10 15:34:30,121 INFO o.a.j.r.Summariser: summary =   5668 in 00:14:11 =    6.7/s Avg:   131 Min:     1 Max:  1390 Err:     0 (0.00%)
2025-11-10 15:35:00,000 INFO o.a.j.r.Summariser: summary +    201 in 00:00:30 =    6.7/s Avg:   127 Min:     2 Max:   567 Err:     0 (0.00%) Active: 15 Started: 45 Finished: 30
2025-11-10 15:35:00,006 INFO o.a.j.r.Summariser: summary =   5869 in 00:14:41 =    6.7/s Avg:   131 Min:     1 Max:  1390 Err:     0 (0.00%)
2025-11-10 15:35:18,051 INFO o.a.j.t.JMeterThread: Thread finished: Thread Group 3 3-11
2025-11-10 15:35:18,144 INFO o.a.j.t.JMeterThread: Thread finished: Thread Group 3 3-3
2025-11-10 15:35:18,160 INFO o.a.j.t.JMeterThread: Thread finished: Thread Group 3 3-12
2025-11-10 15:35:18,294 INFO o.a.j.t.JMeterThread: Thread finished: Thread Group 3 3-2
2025-11-10 15:35:18,304 INFO o.a.j.t.JMeterThread: Thread finished: Thread Group 3 3-13
2025-11-10 15:35:18,566 INFO o.a.j.t.JMeterThread: Thread finished: Thread Group 3 3-9
2025-11-10 15:35:18,626 INFO o.a.j.t.JMeterThread: Thread finished: Thread Group 3 3-5
2025-11-10 15:35:18,865 INFO o.a.j.t.JMeterThread: Thread finished: Thread Group 3 3-4
2025-11-10 15:35:18,954 INFO o.a.j.t.JMeterThread: Thread finished: Thread Group 3 3-7
2025-11-10 15:35:19,268 INFO o.a.j.t.JMeterThread: Thread finished: Thread Group 3 3-10
2025-11-10 15:35:19,347 INFO o.a.j.t.JMeterThread: Thread finished: Thread Group 3 3-1
2025-11-10 15:35:19,436 INFO o.a.j.t.JMeterThread: Thread finished: Thread Group 3 3-14
2025-11-10 15:35:19,481 INFO o.a.j.t.JMeterThread: Thread finished: Thread Group 3 3-6
2025-11-10 15:35:19,559 INFO o.a.j.t.JMeterThread: Thread finished: Thread Group 3 3-15
2025-11-10 15:35:19,636 INFO o.a.j.t.JMeterThread: Thread finished: Thread Group 3 3-8
2025-11-10 15:35:19,637 INFO o.a.j.e.StandardJMeterEngine: Starting ThreadGroup: 4 : Thread Group 4
2025-11-10 15:35:19,638 INFO o.a.j.e.StandardJMeterEngine: Starting 15 threads for group Thread Group 4.
2025-11-10 15:35:19,638 INFO o.a.j.e.StandardJMeterEngine: Thread will continue on error
2025-11-10 15:35:19,638 INFO o.a.j.t.ThreadGroup: Starting thread group... number=4 threads=15 ramp-up=15 delayedStart=false
2025-11-10 15:35:19,641 INFO o.a.j.t.JMeterThread: Thread started: Thread Group 4 4-1
2025-11-10 15:35:19,662 INFO o.a.j.t.ThreadGroup: Started thread group number 4
2025-11-10 15:35:19,662 INFO o.a.j.e.StandardJMeterEngine: All thread groups have been started
2025-11-10 15:35:20,641 INFO o.a.j.t.JMeterThread: Thread started: Thread Group 4 4-2
2025-11-10 15:35:21,642 INFO o.a.j.t.JMeterThread: Thread started: Thread Group 4 4-3
2025-11-10 15:35:22,642 INFO o.a.j.t.JMeterThread: Thread started: Thread Group 4 4-4
2025-11-10 15:35:23,641 INFO o.a.j.t.JMeterThread: Thread started: Thread Group 4 4-5
2025-11-10 15:35:24,642 INFO o.a.j.t.JMeterThread: Thread started: Thread Group 4 4-6
2025-11-10 15:35:25,642 INFO o.a.j.t.JMeterThread: Thread started: Thread Group 4 4-7
2025-11-10 15:35:26,642 INFO o.a.j.t.JMeterThread: Thread started: Thread Group 4 4-8
2025-11-10 15:35:27,642 INFO o.a.j.t.JMeterThread: Thread started: Thread Group 4 4-9
2025-11-10 15:35:28,644 INFO o.a.j.t.JMeterThread: Thread started: Thread Group 4 4-10
2025-11-10 15:35:29,643 INFO o.a.j.t.JMeterThread: Thread started: Thread Group 4 4-11
2025-11-10 15:35:30,048 INFO o.a.j.r.Summariser: summary +    202 in 00:00:30 =    6.7/s Avg:   134 Min:     2 Max:   606 Err:     0 (0.00%) Active: 11 Started: 56 Finished: 45
2025-11-10 15:35:30,056 INFO o.a.j.r.Summariser: summary =   6071 in 00:15:11 =    6.7/s Avg:   131 Min:     1 Max:  1390 Err:     0 (0.00%)
2025-11-10 15:35:30,644 INFO o.a.j.t.JMeterThread: Thread started: Thread Group 4 4-12
2025-11-10 15:35:31,645 INFO o.a.j.t.JMeterThread: Thread started: Thread Group 4 4-13
2025-11-10 15:35:32,644 INFO o.a.j.t.JMeterThread: Thread started: Thread Group 4 4-14
2025-11-10 15:35:33,642 INFO o.a.j.t.JMeterThread: Thread started: Thread Group 4 4-15
2025-11-10 15:36:00,053 INFO o.a.j.r.Summariser: summary +    199 in 00:00:30 =    6.6/s Avg:   122 Min:     3 Max:   672 Err:     0 (0.00%) Active: 15 Started: 60 Finished: 45
2025-11-10 15:36:00,064 INFO o.a.j.r.Summariser: summary =   6270 in 00:15:41 =    6.7/s Avg:   131 Min:     1 Max:  1390 Err:     0 (0.00%)
2025-11-10 15:36:30,430 INFO o.a.j.r.Summariser: summary +    200 in 00:00:30 =    6.6/s Avg:   173 Min:     2 Max:   709 Err:     0 (0.00%) Active: 15 Started: 60 Finished: 45
2025-11-10 15:36:30,437 INFO o.a.j.r.Summariser: summary =   6470 in 00:16:11 =    6.7/s Avg:   132 Min:     1 Max:  1390 Err:     0 (0.00%)
2025-11-10 15:37:00,204 INFO o.a.j.r.Summariser: summary +    198 in 00:00:30 =    6.7/s Avg:   158 Min:     3 Max:   795 Err:     0 (0.00%) Active: 15 Started: 60 Finished: 45
2025-11-10 15:37:00,210 INFO o.a.j.r.Summariser: summary =   6668 in 00:16:41 =    6.7/s Avg:   133 Min:     1 Max:  1390 Err:     0 (0.00%)
2025-11-10 15:37:30,416 INFO o.a.j.r.Summariser: summary +    202 in 00:00:30 =    6.7/s Avg:   123 Min:     2 Max:   631 Err:     0 (0.00%) Active: 15 Started: 60 Finished: 45
2025-11-10 15:37:30,424 INFO o.a.j.r.Summariser: summary =   6870 in 00:17:11 =    6.7/s Avg:   133 Min:     1 Max:  1390 Err:     0 (0.00%)
2025-11-10 15:38:00,009 INFO o.a.j.r.Summariser: summary +    199 in 00:00:30 =    6.7/s Avg:   126 Min:     3 Max:   481 Err:     0 (0.00%) Active: 15 Started: 60 Finished: 45
2025-11-10 15:38:00,016 INFO o.a.j.r.Summariser: summary =   7069 in 00:17:41 =    6.7/s Avg:   132 Min:     1 Max:  1390 Err:     0 (0.00%)
2025-11-10 15:38:30,028 INFO o.a.j.r.Summariser: summary +    200 in 00:00:30 =    6.7/s Avg:   110 Min:     3 Max:   402 Err:     0 (0.00%) Active: 15 Started: 60 Finished: 45
2025-11-10 15:38:30,034 INFO o.a.j.r.Summariser: summary =   7269 in 00:18:11 =    6.7/s Avg:   132 Min:     1 Max:  1390 Err:     0 (0.00%)
2025-11-10 15:39:00,032 INFO o.a.j.r.Summariser: summary +    201 in 00:00:30 =    6.7/s Avg:   120 Min:     3 Max:   593 Err:     0 (0.00%) Active: 15 Started: 60 Finished: 45
2025-11-10 15:39:30,011 INFO o.a.j.r.Summariser: summary +    199 in 00:00:30 =    6.6/s Avg:   153 Min:     3 Max:   718 Err:     0 (0.00%) Active: 15 Started: 60 Finished: 45
2025-11-10 15:40:00,022 INFO o.a.j.r.Summariser: summary +    201 in 00:00:30 =    6.7/s Avg:   151 Min:     2 Max:   586 Err:     0 (0.00%) Active: 15 Started: 60 Finished: 45
2025-11-10 15:40:09,647 INFO o.a.j.r.Summariser: summary =   7470 in 00:18:41 =    6.7/s Avg:   131 Min:     1 Max:  1390 Err:     0 (0.00%)
2025-11-10 15:40:09,648 INFO o.a.j.r.Summariser: summary =   7870 in 00:19:41 =    6.7/s Avg:   132 Min:     1 Max:  1390 Err:     0 (0.00%)
2025-11-10 15:40:09,652 INFO o.a.j.r.Summariser: summary =   7669 in 00:19:11 =    6.7/s Avg:   132 Min:     1 Max:  1390 Err:     0 (0.00%)
2025-11-10 15:40:17,477 INFO o.a.j.t.JMeterThread: Thread finished: Thread Group 4 4-8
2025-11-10 15:40:17,687 INFO o.a.j.t.JMeterThread: Thread finished: Thread Group 4 4-6
2025-11-10 15:40:17,836 INFO o.a.j.t.JMeterThread: Thread finished: Thread Group 4 4-5
2025-11-10 15:40:17,903 INFO o.a.j.t.JMeterThread: Thread finished: Thread Group 4 4-4
2025-11-10 15:40:18,206 INFO o.a.j.t.JMeterThread: Thread finished: Thread Group 4 4-2
2025-11-10 15:40:18,342 INFO o.a.j.t.JMeterThread: Thread finished: Thread Group 4 4-9
2025-11-10 15:40:18,411 INFO o.a.j.t.JMeterThread: Thread finished: Thread Group 4 4-7
2025-11-10 15:40:18,607 INFO o.a.j.t.JMeterThread: Thread finished: Thread Group 4 4-10
2025-11-10 15:40:18,686 INFO o.a.j.t.JMeterThread: Thread finished: Thread Group 4 4-14
2025-11-10 15:40:18,771 INFO o.a.j.t.JMeterThread: Thread finished: Thread Group 4 4-1
2025-11-10 15:40:18,862 INFO o.a.j.t.JMeterThread: Thread finished: Thread Group 4 4-11
2025-11-10 15:40:19,030 INFO o.a.j.t.JMeterThread: Thread finished: Thread Group 4 4-15
2025-11-10 15:40:19,290 INFO o.a.j.t.JMeterThread: Thread finished: Thread Group 4 4-13
2025-11-10 15:40:19,455 INFO o.a.j.t.JMeterThread: Thread finished: Thread Group 4 4-12
2025-11-10 15:40:19,540 INFO o.a.j.t.JMeterThread: Thread finished: Thread Group 4 4-3
2025-11-10 15:40:19,540 INFO o.a.j.e.StandardJMeterEngine: Notifying test listeners of end of test
2025-11-10 15:40:19,543 INFO o.a.j.r.Summariser: summary +    131 in 00:00:20 =    6.7/s Avg:   221 Min:     3 Max:   680 Err:     0 (0.00%) Active: 0 Started: 60 Finished: 60
2025-11-10 15:40:19,544 INFO o.a.j.r.Summariser: summary =   8001 in 00:20:00 =    6.7/s Avg:   134 Min:     1 Max:  1390 Err:     0 (0.00%)
